ERROR - 2025-07-14 03:55:39 --> mysqli_sql_exception: Unknown column 'email' in 'where clause' in E:\employee-management-codeIgniter-react-\backend\system\Database\MySQLi\Connection.php:327
Stack trace:
#0 E:\employee-management-codeIgniter-react-\backend\system\Database\MySQLi\Connection.php(327): mysqli->query('SELECT 1\nFROM `...', 0)
#1 E:\employee-management-codeIgniter-react-\backend\system\Database\BaseConnection.php(738): CodeIgniter\Database\MySQLi\Connection->execute('SELECT 1\nFROM `...')
#2 E:\employee-management-codeIgniter-react-\backend\system\Database\BaseConnection.php(652): CodeIgniter\Database\BaseConnection->simpleQuery('SELECT 1\nFROM `...')
#3 E:\employee-management-codeIgniter-react-\backend\system\Database\BaseBuilder.php(1649): CodeIgniter\Database\BaseConnection->query('SELECT 1\nFROM `...', Array, false)
#4 E:\employee-management-codeIgniter-react-\backend\system\Validation\Rules.php(175): CodeIgniter\Database\BaseBuilder->get()
#5 E:\employee-management-codeIgniter-react-\backend\system\Validation\StrictRules\Rules.php(187): CodeIgniter\Validation\Rules->is_unique('bsumith209@gmai...', 'employees.email', Array)
#6 E:\employee-management-codeIgniter-react-\backend\system\Validation\Validation.php(336): CodeIgniter\Validation\StrictRules\Rules->is_unique('bsumith209@gmai...', 'employees.email', Array, NULL, 'mail_id')
#7 E:\employee-management-codeIgniter-react-\backend\system\Validation\Validation.php(201): CodeIgniter\Validation\Validation->processRules('mail_id', 'mail_id', 'bsumith209@gmai...', Array, Array, 'mail_id')
#8 E:\employee-management-codeIgniter-react-\backend\system\Controller.php(138): CodeIgniter\Validation\Validation->run()
#9 E:\employee-management-codeIgniter-react-\backend\app\Controllers\Employee.php(32): CodeIgniter\Controller->validate(Array)
#10 E:\employee-management-codeIgniter-react-\backend\system\CodeIgniter.php(933): App\Controllers\Employee->create()
#11 E:\employee-management-codeIgniter-react-\backend\system\CodeIgniter.php(507): CodeIgniter\CodeIgniter->runController(Object(App\Controllers\Employee))
#12 E:\employee-management-codeIgniter-react-\backend\system\CodeIgniter.php(354): CodeIgniter\CodeIgniter->handleRequest(NULL, Object(Config\Cache), false)
#13 E:\employee-management-codeIgniter-react-\backend\system\Boot.php(334): CodeIgniter\CodeIgniter->run()
#14 E:\employee-management-codeIgniter-react-\backend\system\Boot.php(67): CodeIgniter\Boot::runCodeIgniter(Object(CodeIgniter\CodeIgniter))
#15 E:\employee-management-codeIgniter-react-\backend\public\index.php(59): CodeIgniter\Boot::bootWeb(Object(Config\Paths))
#16 E:\employee-management-codeIgniter-react-\backend\system\rewrite.php(44): require_once('E:\\employee-man...')
#17 {main}
CRITICAL - 2025-07-14 03:55:39 --> CodeIgniter\Database\Exceptions\DatabaseException: Unknown column 'email' in 'where clause'
[Method: POST, Route: api/employees]
in SYSTEMPATH\Database\BaseConnection.php on line 692.
 1 SYSTEMPATH\Database\BaseBuilder.php(1649): CodeIgniter\Database\BaseConnection->query('SELECT 1
FROM `employees`
WHERE `email` = :email:
 LIMIT 1', [...], false)
 2 SYSTEMPATH\Validation\Rules.php(175): CodeIgniter\Database\BaseBuilder->get()
 3 SYSTEMPATH\Validation\StrictRules\Rules.php(187): CodeIgniter\Validation\Rules->is_unique('bsumith209@gmail.com', 'employees.email', [...])
 4 SYSTEMPATH\Validation\Validation.php(336): CodeIgniter\Validation\StrictRules\Rules->is_unique('bsumith209@gmail.com', 'employees.email', [...], null, 'mail_id')
 5 SYSTEMPATH\Validation\Validation.php(201): CodeIgniter\Validation\Validation->processRules('mail_id', 'mail_id', 'bsumith209@gmail.com', [...], [...], 'mail_id')
 6 SYSTEMPATH\Controller.php(138): CodeIgniter\Validation\Validation->run()
 7 APPPATH\Controllers\Employee.php(32): CodeIgniter\Controller->validate([...])
 8 SYSTEMPATH\CodeIgniter.php(933): App\Controllers\Employee->create()
 9 SYSTEMPATH\CodeIgniter.php(507): CodeIgniter\CodeIgniter->runController(Object(App\Controllers\Employee))
10 SYSTEMPATH\CodeIgniter.php(354): CodeIgniter\CodeIgniter->handleRequest(null, Object(Config\Cache), false)
11 SYSTEMPATH\Boot.php(334): CodeIgniter\CodeIgniter->run()
12 SYSTEMPATH\Boot.php(67): CodeIgniter\Boot::runCodeIgniter(Object(CodeIgniter\CodeIgniter))
13 FCPATH\index.php(59): CodeIgniter\Boot::bootWeb(Object(Config\Paths))
14 SYSTEMPATH\rewrite.php(44): require_once('E:\\employee-management-codeIgniter-react-\\backend\\public\\index.php')
CRITICAL - 2025-07-14 03:55:39 --> [Caused by] CodeIgniter\Database\Exceptions\DatabaseException: Unknown column 'email' in 'where clause'
in SYSTEMPATH\Database\MySQLi\Connection.php on line 332.
 1 SYSTEMPATH\Database\BaseConnection.php(738): CodeIgniter\Database\MySQLi\Connection->execute('SELECT 1
FROM `employees`
WHERE `email` = \'bsumith209@gmail.com\'
 LIMIT 1')
 2 SYSTEMPATH\Database\BaseConnection.php(652): CodeIgniter\Database\BaseConnection->simpleQuery('SELECT 1
FROM `employees`
WHERE `email` = \'bsumith209@gmail.com\'
 LIMIT 1')
 3 SYSTEMPATH\Database\BaseBuilder.php(1649): CodeIgniter\Database\BaseConnection->query('SELECT 1
FROM `employees`
WHERE `email` = :email:
 LIMIT 1', [...], false)
 4 SYSTEMPATH\Validation\Rules.php(175): CodeIgniter\Database\BaseBuilder->get()
 5 SYSTEMPATH\Validation\StrictRules\Rules.php(187): CodeIgniter\Validation\Rules->is_unique('bsumith209@gmail.com', 'employees.email', [...])
 6 SYSTEMPATH\Validation\Validation.php(336): CodeIgniter\Validation\StrictRules\Rules->is_unique('bsumith209@gmail.com', 'employees.email', [...], null, 'mail_id')
 7 SYSTEMPATH\Validation\Validation.php(201): CodeIgniter\Validation\Validation->processRules('mail_id', 'mail_id', 'bsumith209@gmail.com', [...], [...], 'mail_id')
 8 SYSTEMPATH\Controller.php(138): CodeIgniter\Validation\Validation->run()
 9 APPPATH\Controllers\Employee.php(32): CodeIgniter\Controller->validate([...])
10 SYSTEMPATH\CodeIgniter.php(933): App\Controllers\Employee->create()
11 SYSTEMPATH\CodeIgniter.php(507): CodeIgniter\CodeIgniter->runController(Object(App\Controllers\Employee))
12 SYSTEMPATH\CodeIgniter.php(354): CodeIgniter\CodeIgniter->handleRequest(null, Object(Config\Cache), false)
13 SYSTEMPATH\Boot.php(334): CodeIgniter\CodeIgniter->run()
14 SYSTEMPATH\Boot.php(67): CodeIgniter\Boot::runCodeIgniter(Object(CodeIgniter\CodeIgniter))
15 FCPATH\index.php(59): CodeIgniter\Boot::bootWeb(Object(Config\Paths))
16 SYSTEMPATH\rewrite.php(44): require_once('E:\\employee-management-codeIgniter-react-\\backend\\public\\index.php')
CRITICAL - 2025-07-14 03:55:39 --> [Caused by] mysqli_sql_exception: Unknown column 'email' in 'where clause'
in SYSTEMPATH\Database\MySQLi\Connection.php on line 327.
 1 SYSTEMPATH\Database\MySQLi\Connection.php(327): mysqli->query('SELECT 1
FROM `employees`
WHERE `email` = \'bsumith209@gmail.com\'
 LIMIT 1', 0)
 2 SYSTEMPATH\Database\BaseConnection.php(738): CodeIgniter\Database\MySQLi\Connection->execute('SELECT 1
FROM `employees`
WHERE `email` = \'bsumith209@gmail.com\'
 LIMIT 1')
 3 SYSTEMPATH\Database\BaseConnection.php(652): CodeIgniter\Database\BaseConnection->simpleQuery('SELECT 1
FROM `employees`
WHERE `email` = \'bsumith209@gmail.com\'
 LIMIT 1')
 4 SYSTEMPATH\Database\BaseBuilder.php(1649): CodeIgniter\Database\BaseConnection->query('SELECT 1
FROM `employees`
WHERE `email` = :email:
 LIMIT 1', [...], false)
 5 SYSTEMPATH\Validation\Rules.php(175): CodeIgniter\Database\BaseBuilder->get()
 6 SYSTEMPATH\Validation\StrictRules\Rules.php(187): CodeIgniter\Validation\Rules->is_unique('bsumith209@gmail.com', 'employees.email', [...])
 7 SYSTEMPATH\Validation\Validation.php(336): CodeIgniter\Validation\StrictRules\Rules->is_unique('bsumith209@gmail.com', 'employees.email', [...], null, 'mail_id')
 8 SYSTEMPATH\Validation\Validation.php(201): CodeIgniter\Validation\Validation->processRules('mail_id', 'mail_id', 'bsumith209@gmail.com', [...], [...], 'mail_id')
 9 SYSTEMPATH\Controller.php(138): CodeIgniter\Validation\Validation->run()
10 APPPATH\Controllers\Employee.php(32): CodeIgniter\Controller->validate([...])
11 SYSTEMPATH\CodeIgniter.php(933): App\Controllers\Employee->create()
12 SYSTEMPATH\CodeIgniter.php(507): CodeIgniter\CodeIgniter->runController(Object(App\Controllers\Employee))
13 SYSTEMPATH\CodeIgniter.php(354): CodeIgniter\CodeIgniter->handleRequest(null, Object(Config\Cache), false)
14 SYSTEMPATH\Boot.php(334): CodeIgniter\CodeIgniter->run()
15 SYSTEMPATH\Boot.php(67): CodeIgniter\Boot::runCodeIgniter(Object(CodeIgniter\CodeIgniter))
16 FCPATH\index.php(59): CodeIgniter\Boot::bootWeb(Object(Config\Paths))
17 SYSTEMPATH\rewrite.php(44): require_once('E:\\employee-management-codeIgniter-react-\\backend\\public\\index.php')
ERROR - 2025-07-14 03:58:19 --> mysqli_sql_exception: Unknown column 'created_at' in 'field list' in E:\employee-management-codeIgniter-react-\backend\system\Database\MySQLi\Connection.php:327
Stack trace:
#0 E:\employee-management-codeIgniter-react-\backend\system\Database\MySQLi\Connection.php(327): mysqli->query('INSERT INTO `em...', 0)
#1 E:\employee-management-codeIgniter-react-\backend\system\Database\BaseConnection.php(738): CodeIgniter\Database\MySQLi\Connection->execute('INSERT INTO `em...')
#2 E:\employee-management-codeIgniter-react-\backend\system\Database\BaseConnection.php(652): CodeIgniter\Database\BaseConnection->simpleQuery('INSERT INTO `em...')
#3 E:\employee-management-codeIgniter-react-\backend\system\Database\BaseBuilder.php(2345): CodeIgniter\Database\BaseConnection->query('INSERT INTO `em...', Array, false)
#4 E:\employee-management-codeIgniter-react-\backend\system\Model.php(394): CodeIgniter\Database\BaseBuilder->insert()
#5 E:\employee-management-codeIgniter-react-\backend\system\BaseModel.php(843): CodeIgniter\Model->doInsert(Array)
#6 E:\employee-management-codeIgniter-react-\backend\system\Model.php(800): CodeIgniter\BaseModel->insert(Array, false)
#7 E:\employee-management-codeIgniter-react-\backend\system\BaseModel.php(754): CodeIgniter\Model->insert(Array, false)
#8 E:\employee-management-codeIgniter-react-\backend\app\Controllers\Employee.php(51): CodeIgniter\BaseModel->save(Array)
#9 E:\employee-management-codeIgniter-react-\backend\system\CodeIgniter.php(933): App\Controllers\Employee->create()
#10 E:\employee-management-codeIgniter-react-\backend\system\CodeIgniter.php(507): CodeIgniter\CodeIgniter->runController(Object(App\Controllers\Employee))
#11 E:\employee-management-codeIgniter-react-\backend\system\CodeIgniter.php(354): CodeIgniter\CodeIgniter->handleRequest(NULL, Object(Config\Cache), false)
#12 E:\employee-management-codeIgniter-react-\backend\system\Boot.php(334): CodeIgniter\CodeIgniter->run()
#13 E:\employee-management-codeIgniter-react-\backend\system\Boot.php(67): CodeIgniter\Boot::runCodeIgniter(Object(CodeIgniter\CodeIgniter))
#14 E:\employee-management-codeIgniter-react-\backend\public\index.php(59): CodeIgniter\Boot::bootWeb(Object(Config\Paths))
#15 E:\employee-management-codeIgniter-react-\backend\system\rewrite.php(44): require_once('E:\\employee-man...')
#16 {main}
CRITICAL - 2025-07-14 03:58:19 --> CodeIgniter\Database\Exceptions\DatabaseException: Unknown column 'created_at' in 'field list'
[Method: POST, Route: api/employees]
in SYSTEMPATH\Database\BaseConnection.php on line 692.
 1 SYSTEMPATH\Database\BaseBuilder.php(2345): CodeIgniter\Database\BaseConnection->query('INSERT INTO `employees` (`ename`, `job`, `hiredate`, `salary`, `deptno`, `mail_id`, `photo`, `created_at`, `updated_at`) VALUES (:ename:, :job:, :hiredate:, :salary:, :deptno:, :mail_id:, :photo:, :created_at:, :updated_at:)', [...], false)
 2 SYSTEMPATH\Model.php(394): CodeIgniter\Database\BaseBuilder->insert()
 3 SYSTEMPATH\BaseModel.php(843): CodeIgniter\Model->doInsert([...])
 4 SYSTEMPATH\Model.php(800): CodeIgniter\BaseModel->insert([...], false)
 5 SYSTEMPATH\BaseModel.php(754): CodeIgniter\Model->insert([...], false)
 6 APPPATH\Controllers\Employee.php(51): CodeIgniter\BaseModel->save([...])
 7 SYSTEMPATH\CodeIgniter.php(933): App\Controllers\Employee->create()
 8 SYSTEMPATH\CodeIgniter.php(507): CodeIgniter\CodeIgniter->runController(Object(App\Controllers\Employee))
 9 SYSTEMPATH\CodeIgniter.php(354): CodeIgniter\CodeIgniter->handleRequest(null, Object(Config\Cache), false)
10 SYSTEMPATH\Boot.php(334): CodeIgniter\CodeIgniter->run()
11 SYSTEMPATH\Boot.php(67): CodeIgniter\Boot::runCodeIgniter(Object(CodeIgniter\CodeIgniter))
12 FCPATH\index.php(59): CodeIgniter\Boot::bootWeb(Object(Config\Paths))
13 SYSTEMPATH\rewrite.php(44): require_once('E:\\employee-management-codeIgniter-react-\\backend\\public\\index.php')
CRITICAL - 2025-07-14 03:58:19 --> [Caused by] CodeIgniter\Database\Exceptions\DatabaseException: Unknown column 'created_at' in 'field list'
in SYSTEMPATH\Database\MySQLi\Connection.php on line 332.
 1 SYSTEMPATH\Database\BaseConnection.php(738): CodeIgniter\Database\MySQLi\Connection->execute('INSERT INTO `employees` (`ename`, `job`, `hiredate`, `salary`, `deptno`, `mail_id`, `photo`, `created_at`, `updated_at`) VALUES (\'Sumith\', \'CLERK\', \'2025-03-04\', \'undefined\', \'10\', \'bsumith209@gmail.com\', 1, \'2025-07-14 03:58:19\', \'2025-07-14 03:58:19\')')
 2 SYSTEMPATH\Database\BaseConnection.php(652): CodeIgniter\Database\BaseConnection->simpleQuery('INSERT INTO `employees` (`ename`, `job`, `hiredate`, `salary`, `deptno`, `mail_id`, `photo`, `created_at`, `updated_at`) VALUES (\'Sumith\', \'CLERK\', \'2025-03-04\', \'undefined\', \'10\', \'bsumith209@gmail.com\', 1, \'2025-07-14 03:58:19\', \'2025-07-14 03:58:19\')')
 3 SYSTEMPATH\Database\BaseBuilder.php(2345): CodeIgniter\Database\BaseConnection->query('INSERT INTO `employees` (`ename`, `job`, `hiredate`, `salary`, `deptno`, `mail_id`, `photo`, `created_at`, `updated_at`) VALUES (:ename:, :job:, :hiredate:, :salary:, :deptno:, :mail_id:, :photo:, :created_at:, :updated_at:)', [...], false)
 4 SYSTEMPATH\Model.php(394): CodeIgniter\Database\BaseBuilder->insert()
 5 SYSTEMPATH\BaseModel.php(843): CodeIgniter\Model->doInsert([...])
 6 SYSTEMPATH\Model.php(800): CodeIgniter\BaseModel->insert([...], false)
 7 SYSTEMPATH\BaseModel.php(754): CodeIgniter\Model->insert([...], false)
 8 APPPATH\Controllers\Employee.php(51): CodeIgniter\BaseModel->save([...])
 9 SYSTEMPATH\CodeIgniter.php(933): App\Controllers\Employee->create()
10 SYSTEMPATH\CodeIgniter.php(507): CodeIgniter\CodeIgniter->runController(Object(App\Controllers\Employee))
11 SYSTEMPATH\CodeIgniter.php(354): CodeIgniter\CodeIgniter->handleRequest(null, Object(Config\Cache), false)
12 SYSTEMPATH\Boot.php(334): CodeIgniter\CodeIgniter->run()
13 SYSTEMPATH\Boot.php(67): CodeIgniter\Boot::runCodeIgniter(Object(CodeIgniter\CodeIgniter))
14 FCPATH\index.php(59): CodeIgniter\Boot::bootWeb(Object(Config\Paths))
15 SYSTEMPATH\rewrite.php(44): require_once('E:\\employee-management-codeIgniter-react-\\backend\\public\\index.php')
CRITICAL - 2025-07-14 03:58:19 --> [Caused by] mysqli_sql_exception: Unknown column 'created_at' in 'field list'
in SYSTEMPATH\Database\MySQLi\Connection.php on line 327.
 1 SYSTEMPATH\Database\MySQLi\Connection.php(327): mysqli->query('INSERT INTO `employees` (`ename`, `job`, `hiredate`, `salary`, `deptno`, `mail_id`, `photo`, `created_at`, `updated_at`) VALUES (\'Sumith\', \'CLERK\', \'2025-03-04\', \'undefined\', \'10\', \'bsumith209@gmail.com\', 1, \'2025-07-14 03:58:19\', \'2025-07-14 03:58:19\')', 0)
 2 SYSTEMPATH\Database\BaseConnection.php(738): CodeIgniter\Database\MySQLi\Connection->execute('INSERT INTO `employees` (`ename`, `job`, `hiredate`, `salary`, `deptno`, `mail_id`, `photo`, `created_at`, `updated_at`) VALUES (\'Sumith\', \'CLERK\', \'2025-03-04\', \'undefined\', \'10\', \'bsumith209@gmail.com\', 1, \'2025-07-14 03:58:19\', \'2025-07-14 03:58:19\')')
 3 SYSTEMPATH\Database\BaseConnection.php(652): CodeIgniter\Database\BaseConnection->simpleQuery('INSERT INTO `employees` (`ename`, `job`, `hiredate`, `salary`, `deptno`, `mail_id`, `photo`, `created_at`, `updated_at`) VALUES (\'Sumith\', \'CLERK\', \'2025-03-04\', \'undefined\', \'10\', \'bsumith209@gmail.com\', 1, \'2025-07-14 03:58:19\', \'2025-07-14 03:58:19\')')
 4 SYSTEMPATH\Database\BaseBuilder.php(2345): CodeIgniter\Database\BaseConnection->query('INSERT INTO `employees` (`ename`, `job`, `hiredate`, `salary`, `deptno`, `mail_id`, `photo`, `created_at`, `updated_at`) VALUES (:ename:, :job:, :hiredate:, :salary:, :deptno:, :mail_id:, :photo:, :created_at:, :updated_at:)', [...], false)
 5 SYSTEMPATH\Model.php(394): CodeIgniter\Database\BaseBuilder->insert()
 6 SYSTEMPATH\BaseModel.php(843): CodeIgniter\Model->doInsert([...])
 7 SYSTEMPATH\Model.php(800): CodeIgniter\BaseModel->insert([...], false)
 8 SYSTEMPATH\BaseModel.php(754): CodeIgniter\Model->insert([...], false)
 9 APPPATH\Controllers\Employee.php(51): CodeIgniter\BaseModel->save([...])
10 SYSTEMPATH\CodeIgniter.php(933): App\Controllers\Employee->create()
11 SYSTEMPATH\CodeIgniter.php(507): CodeIgniter\CodeIgniter->runController(Object(App\Controllers\Employee))
12 SYSTEMPATH\CodeIgniter.php(354): CodeIgniter\CodeIgniter->handleRequest(null, Object(Config\Cache), false)
13 SYSTEMPATH\Boot.php(334): CodeIgniter\CodeIgniter->run()
14 SYSTEMPATH\Boot.php(67): CodeIgniter\Boot::runCodeIgniter(Object(CodeIgniter\CodeIgniter))
15 FCPATH\index.php(59): CodeIgniter\Boot::bootWeb(Object(Config\Paths))
16 SYSTEMPATH\rewrite.php(44): require_once('E:\\employee-management-codeIgniter-react-\\backend\\public\\index.php')
ERROR - 2025-07-14 03:59:15 --> mysqli_sql_exception: Unknown column 'created_at' in 'field list' in E:\employee-management-codeIgniter-react-\backend\system\Database\MySQLi\Connection.php:327
Stack trace:
#0 E:\employee-management-codeIgniter-react-\backend\system\Database\MySQLi\Connection.php(327): mysqli->query('INSERT INTO `em...', 0)
#1 E:\employee-management-codeIgniter-react-\backend\system\Database\BaseConnection.php(738): CodeIgniter\Database\MySQLi\Connection->execute('INSERT INTO `em...')
#2 E:\employee-management-codeIgniter-react-\backend\system\Database\BaseConnection.php(652): CodeIgniter\Database\BaseConnection->simpleQuery('INSERT INTO `em...')
#3 E:\employee-management-codeIgniter-react-\backend\system\Database\BaseBuilder.php(2345): CodeIgniter\Database\BaseConnection->query('INSERT INTO `em...', Array, false)
#4 E:\employee-management-codeIgniter-react-\backend\system\Model.php(394): CodeIgniter\Database\BaseBuilder->insert()
#5 E:\employee-management-codeIgniter-react-\backend\system\BaseModel.php(843): CodeIgniter\Model->doInsert(Array)
#6 E:\employee-management-codeIgniter-react-\backend\system\Model.php(800): CodeIgniter\BaseModel->insert(Array, false)
#7 E:\employee-management-codeIgniter-react-\backend\system\BaseModel.php(754): CodeIgniter\Model->insert(Array, false)
#8 E:\employee-management-codeIgniter-react-\backend\app\Controllers\Employee.php(51): CodeIgniter\BaseModel->save(Array)
#9 E:\employee-management-codeIgniter-react-\backend\system\CodeIgniter.php(933): App\Controllers\Employee->create()
#10 E:\employee-management-codeIgniter-react-\backend\system\CodeIgniter.php(507): CodeIgniter\CodeIgniter->runController(Object(App\Controllers\Employee))
#11 E:\employee-management-codeIgniter-react-\backend\system\CodeIgniter.php(354): CodeIgniter\CodeIgniter->handleRequest(NULL, Object(Config\Cache), false)
#12 E:\employee-management-codeIgniter-react-\backend\system\Boot.php(334): CodeIgniter\CodeIgniter->run()
#13 E:\employee-management-codeIgniter-react-\backend\system\Boot.php(67): CodeIgniter\Boot::runCodeIgniter(Object(CodeIgniter\CodeIgniter))
#14 E:\employee-management-codeIgniter-react-\backend\public\index.php(59): CodeIgniter\Boot::bootWeb(Object(Config\Paths))
#15 E:\employee-management-codeIgniter-react-\backend\system\rewrite.php(44): require_once('E:\\employee-man...')
#16 {main}
CRITICAL - 2025-07-14 03:59:15 --> CodeIgniter\Database\Exceptions\DatabaseException: Unknown column 'created_at' in 'field list'
[Method: POST, Route: api/employees]
in SYSTEMPATH\Database\BaseConnection.php on line 692.
 1 SYSTEMPATH\Database\BaseBuilder.php(2345): CodeIgniter\Database\BaseConnection->query('INSERT INTO `employees` (`ename`, `job`, `hiredate`, `salary`, `deptno`, `mail_id`, `photo`, `created_at`, `updated_at`) VALUES (:ename:, :job:, :hiredate:, :salary:, :deptno:, :mail_id:, :photo:, :created_at:, :updated_at:)', [...], false)
 2 SYSTEMPATH\Model.php(394): CodeIgniter\Database\BaseBuilder->insert()
 3 SYSTEMPATH\BaseModel.php(843): CodeIgniter\Model->doInsert([...])
 4 SYSTEMPATH\Model.php(800): CodeIgniter\BaseModel->insert([...], false)
 5 SYSTEMPATH\BaseModel.php(754): CodeIgniter\Model->insert([...], false)
 6 APPPATH\Controllers\Employee.php(51): CodeIgniter\BaseModel->save([...])
 7 SYSTEMPATH\CodeIgniter.php(933): App\Controllers\Employee->create()
 8 SYSTEMPATH\CodeIgniter.php(507): CodeIgniter\CodeIgniter->runController(Object(App\Controllers\Employee))
 9 SYSTEMPATH\CodeIgniter.php(354): CodeIgniter\CodeIgniter->handleRequest(null, Object(Config\Cache), false)
10 SYSTEMPATH\Boot.php(334): CodeIgniter\CodeIgniter->run()
11 SYSTEMPATH\Boot.php(67): CodeIgniter\Boot::runCodeIgniter(Object(CodeIgniter\CodeIgniter))
12 FCPATH\index.php(59): CodeIgniter\Boot::bootWeb(Object(Config\Paths))
13 SYSTEMPATH\rewrite.php(44): require_once('E:\\employee-management-codeIgniter-react-\\backend\\public\\index.php')
CRITICAL - 2025-07-14 03:59:15 --> [Caused by] CodeIgniter\Database\Exceptions\DatabaseException: Unknown column 'created_at' in 'field list'
in SYSTEMPATH\Database\MySQLi\Connection.php on line 332.
 1 SYSTEMPATH\Database\BaseConnection.php(738): CodeIgniter\Database\MySQLi\Connection->execute('INSERT INTO `employees` (`ename`, `job`, `hiredate`, `salary`, `deptno`, `mail_id`, `photo`, `created_at`, `updated_at`) VALUES (\'Sumith\', \'SALESMAN\', \'2025-03-04\', \'undefined\', \'20\', \'bsumith209@gmail.com\', 1, \'2025-07-14 03:59:15\', \'2025-07-14 03:59:15\')')
 2 SYSTEMPATH\Database\BaseConnection.php(652): CodeIgniter\Database\BaseConnection->simpleQuery('INSERT INTO `employees` (`ename`, `job`, `hiredate`, `salary`, `deptno`, `mail_id`, `photo`, `created_at`, `updated_at`) VALUES (\'Sumith\', \'SALESMAN\', \'2025-03-04\', \'undefined\', \'20\', \'bsumith209@gmail.com\', 1, \'2025-07-14 03:59:15\', \'2025-07-14 03:59:15\')')
 3 SYSTEMPATH\Database\BaseBuilder.php(2345): CodeIgniter\Database\BaseConnection->query('INSERT INTO `employees` (`ename`, `job`, `hiredate`, `salary`, `deptno`, `mail_id`, `photo`, `created_at`, `updated_at`) VALUES (:ename:, :job:, :hiredate:, :salary:, :deptno:, :mail_id:, :photo:, :created_at:, :updated_at:)', [...], false)
 4 SYSTEMPATH\Model.php(394): CodeIgniter\Database\BaseBuilder->insert()
 5 SYSTEMPATH\BaseModel.php(843): CodeIgniter\Model->doInsert([...])
 6 SYSTEMPATH\Model.php(800): CodeIgniter\BaseModel->insert([...], false)
 7 SYSTEMPATH\BaseModel.php(754): CodeIgniter\Model->insert([...], false)
 8 APPPATH\Controllers\Employee.php(51): CodeIgniter\BaseModel->save([...])
 9 SYSTEMPATH\CodeIgniter.php(933): App\Controllers\Employee->create()
10 SYSTEMPATH\CodeIgniter.php(507): CodeIgniter\CodeIgniter->runController(Object(App\Controllers\Employee))
11 SYSTEMPATH\CodeIgniter.php(354): CodeIgniter\CodeIgniter->handleRequest(null, Object(Config\Cache), false)
12 SYSTEMPATH\Boot.php(334): CodeIgniter\CodeIgniter->run()
13 SYSTEMPATH\Boot.php(67): CodeIgniter\Boot::runCodeIgniter(Object(CodeIgniter\CodeIgniter))
14 FCPATH\index.php(59): CodeIgniter\Boot::bootWeb(Object(Config\Paths))
15 SYSTEMPATH\rewrite.php(44): require_once('E:\\employee-management-codeIgniter-react-\\backend\\public\\index.php')
CRITICAL - 2025-07-14 03:59:15 --> [Caused by] mysqli_sql_exception: Unknown column 'created_at' in 'field list'
in SYSTEMPATH\Database\MySQLi\Connection.php on line 327.
 1 SYSTEMPATH\Database\MySQLi\Connection.php(327): mysqli->query('INSERT INTO `employees` (`ename`, `job`, `hiredate`, `salary`, `deptno`, `mail_id`, `photo`, `created_at`, `updated_at`) VALUES (\'Sumith\', \'SALESMAN\', \'2025-03-04\', \'undefined\', \'20\', \'bsumith209@gmail.com\', 1, \'2025-07-14 03:59:15\', \'2025-07-14 03:59:15\')', 0)
 2 SYSTEMPATH\Database\BaseConnection.php(738): CodeIgniter\Database\MySQLi\Connection->execute('INSERT INTO `employees` (`ename`, `job`, `hiredate`, `salary`, `deptno`, `mail_id`, `photo`, `created_at`, `updated_at`) VALUES (\'Sumith\', \'SALESMAN\', \'2025-03-04\', \'undefined\', \'20\', \'bsumith209@gmail.com\', 1, \'2025-07-14 03:59:15\', \'2025-07-14 03:59:15\')')
 3 SYSTEMPATH\Database\BaseConnection.php(652): CodeIgniter\Database\BaseConnection->simpleQuery('INSERT INTO `employees` (`ename`, `job`, `hiredate`, `salary`, `deptno`, `mail_id`, `photo`, `created_at`, `updated_at`) VALUES (\'Sumith\', \'SALESMAN\', \'2025-03-04\', \'undefined\', \'20\', \'bsumith209@gmail.com\', 1, \'2025-07-14 03:59:15\', \'2025-07-14 03:59:15\')')
 4 SYSTEMPATH\Database\BaseBuilder.php(2345): CodeIgniter\Database\BaseConnection->query('INSERT INTO `employees` (`ename`, `job`, `hiredate`, `salary`, `deptno`, `mail_id`, `photo`, `created_at`, `updated_at`) VALUES (:ename:, :job:, :hiredate:, :salary:, :deptno:, :mail_id:, :photo:, :created_at:, :updated_at:)', [...], false)
 5 SYSTEMPATH\Model.php(394): CodeIgniter\Database\BaseBuilder->insert()
 6 SYSTEMPATH\BaseModel.php(843): CodeIgniter\Model->doInsert([...])
 7 SYSTEMPATH\Model.php(800): CodeIgniter\BaseModel->insert([...], false)
 8 SYSTEMPATH\BaseModel.php(754): CodeIgniter\Model->insert([...], false)
 9 APPPATH\Controllers\Employee.php(51): CodeIgniter\BaseModel->save([...])
10 SYSTEMPATH\CodeIgniter.php(933): App\Controllers\Employee->create()
11 SYSTEMPATH\CodeIgniter.php(507): CodeIgniter\CodeIgniter->runController(Object(App\Controllers\Employee))
12 SYSTEMPATH\CodeIgniter.php(354): CodeIgniter\CodeIgniter->handleRequest(null, Object(Config\Cache), false)
13 SYSTEMPATH\Boot.php(334): CodeIgniter\CodeIgniter->run()
14 SYSTEMPATH\Boot.php(67): CodeIgniter\Boot::runCodeIgniter(Object(CodeIgniter\CodeIgniter))
15 FCPATH\index.php(59): CodeIgniter\Boot::bootWeb(Object(Config\Paths))
16 SYSTEMPATH\rewrite.php(44): require_once('E:\\employee-management-codeIgniter-react-\\backend\\public\\index.php')
CRITICAL - 2025-07-14 04:01:50 --> ErrorException: Undefined variable $file
[Method: POST, Route: api/employees]
in APPPATH\Controllers\Employee.php on line 37.
 1 APPPATH\Controllers\Employee.php(37): CodeIgniter\Debug\Exceptions->errorHandler(2, 'Undefined variable $file', 'E:\\employee-management-codeIgniter-react-\\backend\\app\\Controllers\\Employee.php', 37)
 2 SYSTEMPATH\CodeIgniter.php(933): App\Controllers\Employee->create()
 3 SYSTEMPATH\CodeIgniter.php(507): CodeIgniter\CodeIgniter->runController(Object(App\Controllers\Employee))
 4 SYSTEMPATH\CodeIgniter.php(354): CodeIgniter\CodeIgniter->handleRequest(null, Object(Config\Cache), false)
 5 SYSTEMPATH\Boot.php(334): CodeIgniter\CodeIgniter->run()
 6 SYSTEMPATH\Boot.php(67): CodeIgniter\Boot::runCodeIgniter(Object(CodeIgniter\CodeIgniter))
 7 FCPATH\index.php(59): CodeIgniter\Boot::bootWeb(Object(Config\Paths))
 8 SYSTEMPATH\rewrite.php(44): require_once('E:\\employee-management-codeIgniter-react-\\backend\\public\\index.php')
CRITICAL - 2025-07-14 04:02:56 --> ErrorException: Undefined variable $file
[Method: POST, Route: api/employees]
in APPPATH\Controllers\Employee.php on line 37.
 1 APPPATH\Controllers\Employee.php(37): CodeIgniter\Debug\Exceptions->errorHandler(2, 'Undefined variable $file', 'E:\\employee-management-codeIgniter-react-\\backend\\app\\Controllers\\Employee.php', 37)
 2 SYSTEMPATH\CodeIgniter.php(933): App\Controllers\Employee->create()
 3 SYSTEMPATH\CodeIgniter.php(507): CodeIgniter\CodeIgniter->runController(Object(App\Controllers\Employee))
 4 SYSTEMPATH\CodeIgniter.php(354): CodeIgniter\CodeIgniter->handleRequest(null, Object(Config\Cache), false)
 5 SYSTEMPATH\Boot.php(334): CodeIgniter\CodeIgniter->run()
 6 SYSTEMPATH\Boot.php(67): CodeIgniter\Boot::runCodeIgniter(Object(CodeIgniter\CodeIgniter))
 7 FCPATH\index.php(59): CodeIgniter\Boot::bootWeb(Object(Config\Paths))
 8 SYSTEMPATH\rewrite.php(44): require_once('E:\\employee-management-codeIgniter-react-\\backend\\public\\index.php')
CRITICAL - 2025-07-14 04:04:08 --> ErrorException: Undefined variable $file
[Method: POST, Route: api/employees]
in APPPATH\Controllers\Employee.php on line 37.
 1 APPPATH\Controllers\Employee.php(37): CodeIgniter\Debug\Exceptions->errorHandler(2, 'Undefined variable $file', 'E:\\employee-management-codeIgniter-react-\\backend\\app\\Controllers\\Employee.php', 37)
 2 SYSTEMPATH\CodeIgniter.php(933): App\Controllers\Employee->create()
 3 SYSTEMPATH\CodeIgniter.php(507): CodeIgniter\CodeIgniter->runController(Object(App\Controllers\Employee))
 4 SYSTEMPATH\CodeIgniter.php(354): CodeIgniter\CodeIgniter->handleRequest(null, Object(Config\Cache), false)
 5 SYSTEMPATH\Boot.php(334): CodeIgniter\CodeIgniter->run()
 6 SYSTEMPATH\Boot.php(67): CodeIgniter\Boot::runCodeIgniter(Object(CodeIgniter\CodeIgniter))
 7 FCPATH\index.php(59): CodeIgniter\Boot::bootWeb(Object(Config\Paths))
 8 SYSTEMPATH\rewrite.php(44): require_once('E:\\employee-management-codeIgniter-react-\\backend\\public\\index.php')
CRITICAL - 2025-07-14 04:07:20 --> TypeError: Cannot use "::class" on value of type string
[Method: GET, Route: api/employees/1]
in SYSTEMPATH\RESTful\BaseResource.php on line 74.
 1 SYSTEMPATH\RESTful\BaseResource.php(51): CodeIgniter\RESTful\BaseResource->setModel(null)
 2 SYSTEMPATH\CodeIgniter.php(904): CodeIgniter\RESTful\BaseResource->initController(Object(CodeIgniter\HTTP\IncomingRequest), Object(CodeIgniter\HTTP\Response), Object(CodeIgniter\Log\Logger))
 3 SYSTEMPATH\CodeIgniter.php(498): CodeIgniter\CodeIgniter->createController()
 4 SYSTEMPATH\CodeIgniter.php(354): CodeIgniter\CodeIgniter->handleRequest(null, Object(Config\Cache), false)
 5 SYSTEMPATH\Boot.php(334): CodeIgniter\CodeIgniter->run()
 6 SYSTEMPATH\Boot.php(67): CodeIgniter\Boot::runCodeIgniter(Object(CodeIgniter\CodeIgniter))
 7 FCPATH\index.php(59): CodeIgniter\Boot::bootWeb(Object(Config\Paths))
 8 SYSTEMPATH\rewrite.php(44): require_once('E:\\employee-management-codeIgniter-react-\\backend\\public\\index.php')
CRITICAL - 2025-07-14 04:07:21 --> TypeError: Cannot use "::class" on value of type string
[Method: GET, Route: api/employees/1]
in SYSTEMPATH\RESTful\BaseResource.php on line 74.
 1 SYSTEMPATH\RESTful\BaseResource.php(51): CodeIgniter\RESTful\BaseResource->setModel(null)
 2 SYSTEMPATH\CodeIgniter.php(904): CodeIgniter\RESTful\BaseResource->initController(Object(CodeIgniter\HTTP\IncomingRequest), Object(CodeIgniter\HTTP\Response), Object(CodeIgniter\Log\Logger))
 3 SYSTEMPATH\CodeIgniter.php(498): CodeIgniter\CodeIgniter->createController()
 4 SYSTEMPATH\CodeIgniter.php(354): CodeIgniter\CodeIgniter->handleRequest(null, Object(Config\Cache), false)
 5 SYSTEMPATH\Boot.php(334): CodeIgniter\CodeIgniter->run()
 6 SYSTEMPATH\Boot.php(67): CodeIgniter\Boot::runCodeIgniter(Object(CodeIgniter\CodeIgniter))
 7 FCPATH\index.php(59): CodeIgniter\Boot::bootWeb(Object(Config\Paths))
 8 SYSTEMPATH\rewrite.php(44): require_once('E:\\employee-management-codeIgniter-react-\\backend\\public\\index.php')
CRITICAL - 2025-07-14 04:07:30 --> TypeError: Cannot use "::class" on value of type string
[Method: GET, Route: api/employees/1]
in SYSTEMPATH\RESTful\BaseResource.php on line 74.
 1 SYSTEMPATH\RESTful\BaseResource.php(51): CodeIgniter\RESTful\BaseResource->setModel(null)
 2 SYSTEMPATH\CodeIgniter.php(904): CodeIgniter\RESTful\BaseResource->initController(Object(CodeIgniter\HTTP\IncomingRequest), Object(CodeIgniter\HTTP\Response), Object(CodeIgniter\Log\Logger))
 3 SYSTEMPATH\CodeIgniter.php(498): CodeIgniter\CodeIgniter->createController()
 4 SYSTEMPATH\CodeIgniter.php(354): CodeIgniter\CodeIgniter->handleRequest(null, Object(Config\Cache), false)
 5 SYSTEMPATH\Boot.php(334): CodeIgniter\CodeIgniter->run()
 6 SYSTEMPATH\Boot.php(67): CodeIgniter\Boot::runCodeIgniter(Object(CodeIgniter\CodeIgniter))
 7 FCPATH\index.php(59): CodeIgniter\Boot::bootWeb(Object(Config\Paths))
 8 SYSTEMPATH\rewrite.php(44): require_once('E:\\employee-management-codeIgniter-react-\\backend\\public\\index.php')
CRITICAL - 2025-07-14 04:07:31 --> TypeError: Cannot use "::class" on value of type string
[Method: GET, Route: api/employees/1]
in SYSTEMPATH\RESTful\BaseResource.php on line 74.
 1 SYSTEMPATH\RESTful\BaseResource.php(51): CodeIgniter\RESTful\BaseResource->setModel(null)
 2 SYSTEMPATH\CodeIgniter.php(904): CodeIgniter\RESTful\BaseResource->initController(Object(CodeIgniter\HTTP\IncomingRequest), Object(CodeIgniter\HTTP\Response), Object(CodeIgniter\Log\Logger))
 3 SYSTEMPATH\CodeIgniter.php(498): CodeIgniter\CodeIgniter->createController()
 4 SYSTEMPATH\CodeIgniter.php(354): CodeIgniter\CodeIgniter->handleRequest(null, Object(Config\Cache), false)
 5 SYSTEMPATH\Boot.php(334): CodeIgniter\CodeIgniter->run()
 6 SYSTEMPATH\Boot.php(67): CodeIgniter\Boot::runCodeIgniter(Object(CodeIgniter\CodeIgniter))
 7 FCPATH\index.php(59): CodeIgniter\Boot::bootWeb(Object(Config\Paths))
 8 SYSTEMPATH\rewrite.php(44): require_once('E:\\employee-management-codeIgniter-react-\\backend\\public\\index.php')
ERROR - 2025-07-14 13:54:17 --> mysqli_sql_exception: Unknown column 'created_at' in 'field list' in C:\employee-management-system\backend\system\Database\MySQLi\Connection.php:327
Stack trace:
#0 C:\employee-management-system\backend\system\Database\MySQLi\Connection.php(327): mysqli->query('INSERT INTO `em...', 0)
#1 C:\employee-management-system\backend\system\Database\BaseConnection.php(738): CodeIgniter\Database\MySQLi\Connection->execute('INSERT INTO `em...')
#2 C:\employee-management-system\backend\system\Database\BaseConnection.php(652): CodeIgniter\Database\BaseConnection->simpleQuery('INSERT INTO `em...')
#3 C:\employee-management-system\backend\system\Database\BaseBuilder.php(2345): CodeIgniter\Database\BaseConnection->query('INSERT INTO `em...', Array, false)
#4 C:\employee-management-system\backend\system\Model.php(394): CodeIgniter\Database\BaseBuilder->insert()
#5 C:\employee-management-system\backend\system\BaseModel.php(843): CodeIgniter\Model->doInsert(Array)
#6 C:\employee-management-system\backend\system\Model.php(800): CodeIgniter\BaseModel->insert(Array, false)
#7 C:\employee-management-system\backend\system\BaseModel.php(754): CodeIgniter\Model->insert(Array, false)
#8 C:\employee-management-system\backend\app\Controllers\Employee.php(53): CodeIgniter\BaseModel->save(Array)
#9 C:\employee-management-system\backend\system\CodeIgniter.php(933): App\Controllers\Employee->create()
#10 C:\employee-management-system\backend\system\CodeIgniter.php(507): CodeIgniter\CodeIgniter->runController(Object(App\Controllers\Employee))
#11 C:\employee-management-system\backend\system\CodeIgniter.php(354): CodeIgniter\CodeIgniter->handleRequest(NULL, Object(Config\Cache), false)
#12 C:\employee-management-system\backend\system\Boot.php(334): CodeIgniter\CodeIgniter->run()
#13 C:\employee-management-system\backend\system\Boot.php(67): CodeIgniter\Boot::runCodeIgniter(Object(CodeIgniter\CodeIgniter))
#14 C:\employee-management-system\backend\public\index.php(59): CodeIgniter\Boot::bootWeb(Object(Config\Paths))
#15 C:\employee-management-system\backend\system\rewrite.php(44): require_once('C:\\employee-man...')
#16 {main}
CRITICAL - 2025-07-14 13:54:17 --> CodeIgniter\Database\Exceptions\DatabaseException: Unknown column 'created_at' in 'field list'
[Method: POST, Route: api/employees]
in SYSTEMPATH\Database\BaseConnection.php on line 692.
 1 SYSTEMPATH\Database\BaseBuilder.php(2345): CodeIgniter\Database\BaseConnection->query('INSERT INTO `employees` (`ename`, `job`, `hiredate`, `salary`, `deptno`, `mail_id`, `photo`, `created_at`, `updated_at`) VALUES (:ename:, :job:, :hiredate:, :salary:, :deptno:, :mail_id:, :photo:, :created_at:, :updated_at:)', [...], false)
 2 SYSTEMPATH\Model.php(394): CodeIgniter\Database\BaseBuilder->insert()
 3 SYSTEMPATH\BaseModel.php(843): CodeIgniter\Model->doInsert([...])
 4 SYSTEMPATH\Model.php(800): CodeIgniter\BaseModel->insert([...], false)
 5 SYSTEMPATH\BaseModel.php(754): CodeIgniter\Model->insert([...], false)
 6 APPPATH\Controllers\Employee.php(53): CodeIgniter\BaseModel->save([...])
 7 SYSTEMPATH\CodeIgniter.php(933): App\Controllers\Employee->create()
 8 SYSTEMPATH\CodeIgniter.php(507): CodeIgniter\CodeIgniter->runController(Object(App\Controllers\Employee))
 9 SYSTEMPATH\CodeIgniter.php(354): CodeIgniter\CodeIgniter->handleRequest(null, Object(Config\Cache), false)
10 SYSTEMPATH\Boot.php(334): CodeIgniter\CodeIgniter->run()
11 SYSTEMPATH\Boot.php(67): CodeIgniter\Boot::runCodeIgniter(Object(CodeIgniter\CodeIgniter))
12 FCPATH\index.php(59): CodeIgniter\Boot::bootWeb(Object(Config\Paths))
13 SYSTEMPATH\rewrite.php(44): require_once('C:\\employee-management-system\\backend\\public\\index.php')
CRITICAL - 2025-07-14 13:54:17 --> [Caused by] CodeIgniter\Database\Exceptions\DatabaseException: Unknown column 'created_at' in 'field list'
in SYSTEMPATH\Database\MySQLi\Connection.php on line 332.
 1 SYSTEMPATH\Database\BaseConnection.php(738): CodeIgniter\Database\MySQLi\Connection->execute('INSERT INTO `employees` (`ename`, `job`, `hiredate`, `salary`, `deptno`, `mail_id`, `photo`, `created_at`, `updated_at`) VALUES (\'Sumith\', \'SALESMAN\', \'2025-07-09\', \'10000\', \'10\', \'john.doe@gamil.com\', 1, \'2025-07-14 13:54:17\', \'2025-07-14 13:54:17\')')
 2 SYSTEMPATH\Database\BaseConnection.php(652): CodeIgniter\Database\BaseConnection->simpleQuery('INSERT INTO `employees` (`ename`, `job`, `hiredate`, `salary`, `deptno`, `mail_id`, `photo`, `created_at`, `updated_at`) VALUES (\'Sumith\', \'SALESMAN\', \'2025-07-09\', \'10000\', \'10\', \'john.doe@gamil.com\', 1, \'2025-07-14 13:54:17\', \'2025-07-14 13:54:17\')')
 3 SYSTEMPATH\Database\BaseBuilder.php(2345): CodeIgniter\Database\BaseConnection->query('INSERT INTO `employees` (`ename`, `job`, `hiredate`, `salary`, `deptno`, `mail_id`, `photo`, `created_at`, `updated_at`) VALUES (:ename:, :job:, :hiredate:, :salary:, :deptno:, :mail_id:, :photo:, :created_at:, :updated_at:)', [...], false)
 4 SYSTEMPATH\Model.php(394): CodeIgniter\Database\BaseBuilder->insert()
 5 SYSTEMPATH\BaseModel.php(843): CodeIgniter\Model->doInsert([...])
 6 SYSTEMPATH\Model.php(800): CodeIgniter\BaseModel->insert([...], false)
 7 SYSTEMPATH\BaseModel.php(754): CodeIgniter\Model->insert([...], false)
 8 APPPATH\Controllers\Employee.php(53): CodeIgniter\BaseModel->save([...])
 9 SYSTEMPATH\CodeIgniter.php(933): App\Controllers\Employee->create()
10 SYSTEMPATH\CodeIgniter.php(507): CodeIgniter\CodeIgniter->runController(Object(App\Controllers\Employee))
11 SYSTEMPATH\CodeIgniter.php(354): CodeIgniter\CodeIgniter->handleRequest(null, Object(Config\Cache), false)
12 SYSTEMPATH\Boot.php(334): CodeIgniter\CodeIgniter->run()
13 SYSTEMPATH\Boot.php(67): CodeIgniter\Boot::runCodeIgniter(Object(CodeIgniter\CodeIgniter))
14 FCPATH\index.php(59): CodeIgniter\Boot::bootWeb(Object(Config\Paths))
15 SYSTEMPATH\rewrite.php(44): require_once('C:\\employee-management-system\\backend\\public\\index.php')
CRITICAL - 2025-07-14 13:54:17 --> [Caused by] mysqli_sql_exception: Unknown column 'created_at' in 'field list'
in SYSTEMPATH\Database\MySQLi\Connection.php on line 327.
 1 SYSTEMPATH\Database\MySQLi\Connection.php(327): mysqli->query('INSERT INTO `employees` (`ename`, `job`, `hiredate`, `salary`, `deptno`, `mail_id`, `photo`, `created_at`, `updated_at`) VALUES (\'Sumith\', \'SALESMAN\', \'2025-07-09\', \'10000\', \'10\', \'john.doe@gamil.com\', 1, \'2025-07-14 13:54:17\', \'2025-07-14 13:54:17\')', 0)
 2 SYSTEMPATH\Database\BaseConnection.php(738): CodeIgniter\Database\MySQLi\Connection->execute('INSERT INTO `employees` (`ename`, `job`, `hiredate`, `salary`, `deptno`, `mail_id`, `photo`, `created_at`, `updated_at`) VALUES (\'Sumith\', \'SALESMAN\', \'2025-07-09\', \'10000\', \'10\', \'john.doe@gamil.com\', 1, \'2025-07-14 13:54:17\', \'2025-07-14 13:54:17\')')
 3 SYSTEMPATH\Database\BaseConnection.php(652): CodeIgniter\Database\BaseConnection->simpleQuery('INSERT INTO `employees` (`ename`, `job`, `hiredate`, `salary`, `deptno`, `mail_id`, `photo`, `created_at`, `updated_at`) VALUES (\'Sumith\', \'SALESMAN\', \'2025-07-09\', \'10000\', \'10\', \'john.doe@gamil.com\', 1, \'2025-07-14 13:54:17\', \'2025-07-14 13:54:17\')')
 4 SYSTEMPATH\Database\BaseBuilder.php(2345): CodeIgniter\Database\BaseConnection->query('INSERT INTO `employees` (`ename`, `job`, `hiredate`, `salary`, `deptno`, `mail_id`, `photo`, `created_at`, `updated_at`) VALUES (:ename:, :job:, :hiredate:, :salary:, :deptno:, :mail_id:, :photo:, :created_at:, :updated_at:)', [...], false)
 5 SYSTEMPATH\Model.php(394): CodeIgniter\Database\BaseBuilder->insert()
 6 SYSTEMPATH\BaseModel.php(843): CodeIgniter\Model->doInsert([...])
 7 SYSTEMPATH\Model.php(800): CodeIgniter\BaseModel->insert([...], false)
 8 SYSTEMPATH\BaseModel.php(754): CodeIgniter\Model->insert([...], false)
 9 APPPATH\Controllers\Employee.php(53): CodeIgniter\BaseModel->save([...])
10 SYSTEMPATH\CodeIgniter.php(933): App\Controllers\Employee->create()
11 SYSTEMPATH\CodeIgniter.php(507): CodeIgniter\CodeIgniter->runController(Object(App\Controllers\Employee))
12 SYSTEMPATH\CodeIgniter.php(354): CodeIgniter\CodeIgniter->handleRequest(null, Object(Config\Cache), false)
13 SYSTEMPATH\Boot.php(334): CodeIgniter\CodeIgniter->run()
14 SYSTEMPATH\Boot.php(67): CodeIgniter\Boot::runCodeIgniter(Object(CodeIgniter\CodeIgniter))
15 FCPATH\index.php(59): CodeIgniter\Boot::bootWeb(Object(Config\Paths))
16 SYSTEMPATH\rewrite.php(44): require_once('C:\\employee-management-system\\backend\\public\\index.php')
CRITICAL - 2025-07-14 15:14:23 --> CodeIgniter\HTTP\Exceptions\HTTPException: Failed to parse JSON string. Error: Syntax error
[Method: PUT, Route: api/employees/1]
in SYSTEMPATH\HTTP\IncomingRequest.php on line 537.
 1 SYSTEMPATH\HTTP\IncomingRequest.php(537): CodeIgniter\HTTP\Exceptions\HTTPException::forInvalidJSON('Syntax error')
 2 APPPATH\Controllers\Employee.php(92): CodeIgniter\HTTP\IncomingRequest->getJSON(true)
 3 SYSTEMPATH\CodeIgniter.php(933): App\Controllers\Employee->update('1')
 4 SYSTEMPATH\CodeIgniter.php(507): CodeIgniter\CodeIgniter->runController(Object(App\Controllers\Employee))
 5 SYSTEMPATH\CodeIgniter.php(354): CodeIgniter\CodeIgniter->handleRequest(null, Object(Config\Cache), false)
 6 SYSTEMPATH\Boot.php(334): CodeIgniter\CodeIgniter->run()
 7 SYSTEMPATH\Boot.php(67): CodeIgniter\Boot::runCodeIgniter(Object(CodeIgniter\CodeIgniter))
 8 FCPATH\index.php(59): CodeIgniter\Boot::bootWeb(Object(Config\Paths))
 9 SYSTEMPATH\rewrite.php(44): require_once('C:\\employee-management-system\\backend\\public\\index.php')
ERROR - 2025-07-14 17:55:36 --> Error connecting to the database: mysqli_sql_exception: No connection could be made because the target machine actively refused it in C:\employee-management-system\backend\system\Database\MySQLi\Connection.php:201
Stack trace:
#0 C:\employee-management-system\backend\system\Database\MySQLi\Connection.php(201): mysqli->real_connect('localhost', 'root', Object(SensitiveParameterValue), 'ci4_employees', 3306, '', 0)
#1 C:\employee-management-system\backend\system\Database\BaseConnection.php(421): CodeIgniter\Database\MySQLi\Connection->connect(false)
#2 C:\employee-management-system\backend\system\Database\BaseConnection.php(620): CodeIgniter\Database\BaseConnection->initialize()
#3 C:\employee-management-system\backend\system\Database\BaseBuilder.php(1649): CodeIgniter\Database\BaseConnection->query('SELECT *\nFROM `...', Array, false)
#4 C:\employee-management-system\backend\system\Model.php(330): CodeIgniter\Database\BaseBuilder->get()
#5 C:\employee-management-system\backend\system\BaseModel.php(717): CodeIgniter\Model->doFirst()
#6 C:\employee-management-system\backend\app\Controllers\Auth.php(56): CodeIgniter\BaseModel->first()
#7 C:\employee-management-system\backend\system\CodeIgniter.php(933): App\Controllers\Auth->login()
#8 C:\employee-management-system\backend\system\CodeIgniter.php(507): CodeIgniter\CodeIgniter->runController(Object(App\Controllers\Auth))
#9 C:\employee-management-system\backend\system\CodeIgniter.php(354): CodeIgniter\CodeIgniter->handleRequest(NULL, Object(Config\Cache), false)
#10 C:\employee-management-system\backend\system\Boot.php(334): CodeIgniter\CodeIgniter->run()
#11 C:\employee-management-system\backend\system\Boot.php(67): CodeIgniter\Boot::runCodeIgniter(Object(CodeIgniter\CodeIgniter))
#12 C:\employee-management-system\backend\public\index.php(59): CodeIgniter\Boot::bootWeb(Object(Config\Paths))
#13 C:\employee-management-system\backend\system\rewrite.php(44): require_once('C:\\employee-man...')
#14 {main}

Next CodeIgniter\Database\Exceptions\DatabaseException: No connection could be made because the target machine actively refused it in C:\employee-management-system\backend\system\Database\MySQLi\Connection.php:246
Stack trace:
#0 C:\employee-management-system\backend\system\Database\BaseConnection.php(421): CodeIgniter\Database\MySQLi\Connection->connect(false)
#1 C:\employee-management-system\backend\system\Database\BaseConnection.php(620): CodeIgniter\Database\BaseConnection->initialize()
#2 C:\employee-management-system\backend\system\Database\BaseBuilder.php(1649): CodeIgniter\Database\BaseConnection->query('SELECT *\nFROM `...', Array, false)
#3 C:\employee-management-system\backend\system\Model.php(330): CodeIgniter\Database\BaseBuilder->get()
#4 C:\employee-management-system\backend\system\BaseModel.php(717): CodeIgniter\Model->doFirst()
#5 C:\employee-management-system\backend\app\Controllers\Auth.php(56): CodeIgniter\BaseModel->first()
#6 C:\employee-management-system\backend\system\CodeIgniter.php(933): App\Controllers\Auth->login()
#7 C:\employee-management-system\backend\system\CodeIgniter.php(507): CodeIgniter\CodeIgniter->runController(Object(App\Controllers\Auth))
#8 C:\employee-management-system\backend\system\CodeIgniter.php(354): CodeIgniter\CodeIgniter->handleRequest(NULL, Object(Config\Cache), false)
#9 C:\employee-management-system\backend\system\Boot.php(334): CodeIgniter\CodeIgniter->run()
#10 C:\employee-management-system\backend\system\Boot.php(67): CodeIgniter\Boot::runCodeIgniter(Object(CodeIgniter\CodeIgniter))
#11 C:\employee-management-system\backend\public\index.php(59): CodeIgniter\Boot::bootWeb(Object(Config\Paths))
#12 C:\employee-management-system\backend\system\rewrite.php(44): require_once('C:\\employee-man...')
#13 {main}
CRITICAL - 2025-07-14 17:55:36 --> CodeIgniter\Database\Exceptions\DatabaseException: Unable to connect to the database.
Main connection [MySQLi]: No connection could be made because the target machine actively refused it
[Method: POST, Route: auth/login]
in SYSTEMPATH\Database\BaseConnection.php on line 467.
 1 SYSTEMPATH\Database\BaseConnection.php(620): CodeIgniter\Database\BaseConnection->initialize()
 2 SYSTEMPATH\Database\BaseBuilder.php(1649): CodeIgniter\Database\BaseConnection->query('SELECT *
FROM `users`
WHERE `email` = :email:
 LIMIT 1', [...], false)
 3 SYSTEMPATH\Model.php(330): CodeIgniter\Database\BaseBuilder->get()
 4 SYSTEMPATH\BaseModel.php(717): CodeIgniter\Model->doFirst()
 5 APPPATH\Controllers\Auth.php(56): CodeIgniter\BaseModel->first()
 6 SYSTEMPATH\CodeIgniter.php(933): App\Controllers\Auth->login()
 7 SYSTEMPATH\CodeIgniter.php(507): CodeIgniter\CodeIgniter->runController(Object(App\Controllers\Auth))
 8 SYSTEMPATH\CodeIgniter.php(354): CodeIgniter\CodeIgniter->handleRequest(null, Object(Config\Cache), false)
 9 SYSTEMPATH\Boot.php(334): CodeIgniter\CodeIgniter->run()
10 SYSTEMPATH\Boot.php(67): CodeIgniter\Boot::runCodeIgniter(Object(CodeIgniter\CodeIgniter))
11 FCPATH\index.php(59): CodeIgniter\Boot::bootWeb(Object(Config\Paths))
12 SYSTEMPATH\rewrite.php(44): require_once('C:\\employee-management-system\\backend\\public\\index.php')
ERROR - 2025-07-14 17:55:48 --> Error connecting to the database: mysqli_sql_exception: No connection could be made because the target machine actively refused it in C:\employee-management-system\backend\system\Database\MySQLi\Connection.php:201
Stack trace:
#0 C:\employee-management-system\backend\system\Database\MySQLi\Connection.php(201): mysqli->real_connect('localhost', 'root', Object(SensitiveParameterValue), 'ci4_employees', 3306, '', 0)
#1 C:\employee-management-system\backend\system\Database\BaseConnection.php(421): CodeIgniter\Database\MySQLi\Connection->connect(false)
#2 C:\employee-management-system\backend\system\Database\BaseConnection.php(620): CodeIgniter\Database\BaseConnection->initialize()
#3 C:\employee-management-system\backend\system\Database\BaseBuilder.php(1649): CodeIgniter\Database\BaseConnection->query('SELECT *\nFROM `...', Array, false)
#4 C:\employee-management-system\backend\system\Model.php(330): CodeIgniter\Database\BaseBuilder->get()
#5 C:\employee-management-system\backend\system\BaseModel.php(717): CodeIgniter\Model->doFirst()
#6 C:\employee-management-system\backend\app\Controllers\Auth.php(56): CodeIgniter\BaseModel->first()
#7 C:\employee-management-system\backend\system\CodeIgniter.php(933): App\Controllers\Auth->login()
#8 C:\employee-management-system\backend\system\CodeIgniter.php(507): CodeIgniter\CodeIgniter->runController(Object(App\Controllers\Auth))
#9 C:\employee-management-system\backend\system\CodeIgniter.php(354): CodeIgniter\CodeIgniter->handleRequest(NULL, Object(Config\Cache), false)
#10 C:\employee-management-system\backend\system\Boot.php(334): CodeIgniter\CodeIgniter->run()
#11 C:\employee-management-system\backend\system\Boot.php(67): CodeIgniter\Boot::runCodeIgniter(Object(CodeIgniter\CodeIgniter))
#12 C:\employee-management-system\backend\public\index.php(59): CodeIgniter\Boot::bootWeb(Object(Config\Paths))
#13 C:\employee-management-system\backend\system\rewrite.php(44): require_once('C:\\employee-man...')
#14 {main}

Next CodeIgniter\Database\Exceptions\DatabaseException: No connection could be made because the target machine actively refused it in C:\employee-management-system\backend\system\Database\MySQLi\Connection.php:246
Stack trace:
#0 C:\employee-management-system\backend\system\Database\BaseConnection.php(421): CodeIgniter\Database\MySQLi\Connection->connect(false)
#1 C:\employee-management-system\backend\system\Database\BaseConnection.php(620): CodeIgniter\Database\BaseConnection->initialize()
#2 C:\employee-management-system\backend\system\Database\BaseBuilder.php(1649): CodeIgniter\Database\BaseConnection->query('SELECT *\nFROM `...', Array, false)
#3 C:\employee-management-system\backend\system\Model.php(330): CodeIgniter\Database\BaseBuilder->get()
#4 C:\employee-management-system\backend\system\BaseModel.php(717): CodeIgniter\Model->doFirst()
#5 C:\employee-management-system\backend\app\Controllers\Auth.php(56): CodeIgniter\BaseModel->first()
#6 C:\employee-management-system\backend\system\CodeIgniter.php(933): App\Controllers\Auth->login()
#7 C:\employee-management-system\backend\system\CodeIgniter.php(507): CodeIgniter\CodeIgniter->runController(Object(App\Controllers\Auth))
#8 C:\employee-management-system\backend\system\CodeIgniter.php(354): CodeIgniter\CodeIgniter->handleRequest(NULL, Object(Config\Cache), false)
#9 C:\employee-management-system\backend\system\Boot.php(334): CodeIgniter\CodeIgniter->run()
#10 C:\employee-management-system\backend\system\Boot.php(67): CodeIgniter\Boot::runCodeIgniter(Object(CodeIgniter\CodeIgniter))
#11 C:\employee-management-system\backend\public\index.php(59): CodeIgniter\Boot::bootWeb(Object(Config\Paths))
#12 C:\employee-management-system\backend\system\rewrite.php(44): require_once('C:\\employee-man...')
#13 {main}
CRITICAL - 2025-07-14 17:55:48 --> CodeIgniter\Database\Exceptions\DatabaseException: Unable to connect to the database.
Main connection [MySQLi]: No connection could be made because the target machine actively refused it
[Method: POST, Route: auth/login]
in SYSTEMPATH\Database\BaseConnection.php on line 467.
 1 SYSTEMPATH\Database\BaseConnection.php(620): CodeIgniter\Database\BaseConnection->initialize()
 2 SYSTEMPATH\Database\BaseBuilder.php(1649): CodeIgniter\Database\BaseConnection->query('SELECT *
FROM `users`
WHERE `email` = :email:
 LIMIT 1', [...], false)
 3 SYSTEMPATH\Model.php(330): CodeIgniter\Database\BaseBuilder->get()
 4 SYSTEMPATH\BaseModel.php(717): CodeIgniter\Model->doFirst()
 5 APPPATH\Controllers\Auth.php(56): CodeIgniter\BaseModel->first()
 6 SYSTEMPATH\CodeIgniter.php(933): App\Controllers\Auth->login()
 7 SYSTEMPATH\CodeIgniter.php(507): CodeIgniter\CodeIgniter->runController(Object(App\Controllers\Auth))
 8 SYSTEMPATH\CodeIgniter.php(354): CodeIgniter\CodeIgniter->handleRequest(null, Object(Config\Cache), false)
 9 SYSTEMPATH\Boot.php(334): CodeIgniter\CodeIgniter->run()
10 SYSTEMPATH\Boot.php(67): CodeIgniter\Boot::runCodeIgniter(Object(CodeIgniter\CodeIgniter))
11 FCPATH\index.php(59): CodeIgniter\Boot::bootWeb(Object(Config\Paths))
12 SYSTEMPATH\rewrite.php(44): require_once('C:\\employee-management-system\\backend\\public\\index.php')
ERROR - 2025-07-14 17:55:57 --> Error connecting to the database: mysqli_sql_exception: No connection could be made because the target machine actively refused it in C:\employee-management-system\backend\system\Database\MySQLi\Connection.php:201
Stack trace:
#0 C:\employee-management-system\backend\system\Database\MySQLi\Connection.php(201): mysqli->real_connect('localhost', 'root', Object(SensitiveParameterValue), 'ci4_employees', 3306, '', 0)
#1 C:\employee-management-system\backend\system\Database\BaseConnection.php(421): CodeIgniter\Database\MySQLi\Connection->connect(false)
#2 C:\employee-management-system\backend\system\Database\BaseConnection.php(620): CodeIgniter\Database\BaseConnection->initialize()
#3 C:\employee-management-system\backend\system\Database\BaseBuilder.php(1649): CodeIgniter\Database\BaseConnection->query('SELECT *\nFROM `...', Array, false)
#4 C:\employee-management-system\backend\system\Model.php(330): CodeIgniter\Database\BaseBuilder->get()
#5 C:\employee-management-system\backend\system\BaseModel.php(717): CodeIgniter\Model->doFirst()
#6 C:\employee-management-system\backend\app\Controllers\Auth.php(56): CodeIgniter\BaseModel->first()
#7 C:\employee-management-system\backend\system\CodeIgniter.php(933): App\Controllers\Auth->login()
#8 C:\employee-management-system\backend\system\CodeIgniter.php(507): CodeIgniter\CodeIgniter->runController(Object(App\Controllers\Auth))
#9 C:\employee-management-system\backend\system\CodeIgniter.php(354): CodeIgniter\CodeIgniter->handleRequest(NULL, Object(Config\Cache), false)
#10 C:\employee-management-system\backend\system\Boot.php(334): CodeIgniter\CodeIgniter->run()
#11 C:\employee-management-system\backend\system\Boot.php(67): CodeIgniter\Boot::runCodeIgniter(Object(CodeIgniter\CodeIgniter))
#12 C:\employee-management-system\backend\public\index.php(59): CodeIgniter\Boot::bootWeb(Object(Config\Paths))
#13 C:\employee-management-system\backend\system\rewrite.php(44): require_once('C:\\employee-man...')
#14 {main}

Next CodeIgniter\Database\Exceptions\DatabaseException: No connection could be made because the target machine actively refused it in C:\employee-management-system\backend\system\Database\MySQLi\Connection.php:246
Stack trace:
#0 C:\employee-management-system\backend\system\Database\BaseConnection.php(421): CodeIgniter\Database\MySQLi\Connection->connect(false)
#1 C:\employee-management-system\backend\system\Database\BaseConnection.php(620): CodeIgniter\Database\BaseConnection->initialize()
#2 C:\employee-management-system\backend\system\Database\BaseBuilder.php(1649): CodeIgniter\Database\BaseConnection->query('SELECT *\nFROM `...', Array, false)
#3 C:\employee-management-system\backend\system\Model.php(330): CodeIgniter\Database\BaseBuilder->get()
#4 C:\employee-management-system\backend\system\BaseModel.php(717): CodeIgniter\Model->doFirst()
#5 C:\employee-management-system\backend\app\Controllers\Auth.php(56): CodeIgniter\BaseModel->first()
#6 C:\employee-management-system\backend\system\CodeIgniter.php(933): App\Controllers\Auth->login()
#7 C:\employee-management-system\backend\system\CodeIgniter.php(507): CodeIgniter\CodeIgniter->runController(Object(App\Controllers\Auth))
#8 C:\employee-management-system\backend\system\CodeIgniter.php(354): CodeIgniter\CodeIgniter->handleRequest(NULL, Object(Config\Cache), false)
#9 C:\employee-management-system\backend\system\Boot.php(334): CodeIgniter\CodeIgniter->run()
#10 C:\employee-management-system\backend\system\Boot.php(67): CodeIgniter\Boot::runCodeIgniter(Object(CodeIgniter\CodeIgniter))
#11 C:\employee-management-system\backend\public\index.php(59): CodeIgniter\Boot::bootWeb(Object(Config\Paths))
#12 C:\employee-management-system\backend\system\rewrite.php(44): require_once('C:\\employee-man...')
#13 {main}
CRITICAL - 2025-07-14 17:55:57 --> CodeIgniter\Database\Exceptions\DatabaseException: Unable to connect to the database.
Main connection [MySQLi]: No connection could be made because the target machine actively refused it
[Method: POST, Route: auth/login]
in SYSTEMPATH\Database\BaseConnection.php on line 467.
 1 SYSTEMPATH\Database\BaseConnection.php(620): CodeIgniter\Database\BaseConnection->initialize()
 2 SYSTEMPATH\Database\BaseBuilder.php(1649): CodeIgniter\Database\BaseConnection->query('SELECT *
FROM `users`
WHERE `email` = :email:
 LIMIT 1', [...], false)
 3 SYSTEMPATH\Model.php(330): CodeIgniter\Database\BaseBuilder->get()
 4 SYSTEMPATH\BaseModel.php(717): CodeIgniter\Model->doFirst()
 5 APPPATH\Controllers\Auth.php(56): CodeIgniter\BaseModel->first()
 6 SYSTEMPATH\CodeIgniter.php(933): App\Controllers\Auth->login()
 7 SYSTEMPATH\CodeIgniter.php(507): CodeIgniter\CodeIgniter->runController(Object(App\Controllers\Auth))
 8 SYSTEMPATH\CodeIgniter.php(354): CodeIgniter\CodeIgniter->handleRequest(null, Object(Config\Cache), false)
 9 SYSTEMPATH\Boot.php(334): CodeIgniter\CodeIgniter->run()
10 SYSTEMPATH\Boot.php(67): CodeIgniter\Boot::runCodeIgniter(Object(CodeIgniter\CodeIgniter))
11 FCPATH\index.php(59): CodeIgniter\Boot::bootWeb(Object(Config\Paths))
12 SYSTEMPATH\rewrite.php(44): require_once('C:\\employee-management-system\\backend\\public\\index.php')
ERROR - 2025-07-14 17:56:15 --> Error connecting to the database: mysqli_sql_exception: No connection could be made because the target machine actively refused it in C:\employee-management-system\backend\system\Database\MySQLi\Connection.php:201
Stack trace:
#0 C:\employee-management-system\backend\system\Database\MySQLi\Connection.php(201): mysqli->real_connect('localhost', 'root', Object(SensitiveParameterValue), 'ci4_employees', 3306, '', 0)
#1 C:\employee-management-system\backend\system\Database\BaseConnection.php(421): CodeIgniter\Database\MySQLi\Connection->connect(false)
#2 C:\employee-management-system\backend\system\Database\BaseConnection.php(620): CodeIgniter\Database\BaseConnection->initialize()
#3 C:\employee-management-system\backend\system\Database\BaseBuilder.php(1649): CodeIgniter\Database\BaseConnection->query('SELECT 1\nFROM `...', Array, false)
#4 C:\employee-management-system\backend\system\Validation\Rules.php(175): CodeIgniter\Database\BaseBuilder->get()
#5 C:\employee-management-system\backend\system\Validation\StrictRules\Rules.php(187): CodeIgniter\Validation\Rules->is_unique('bsumith20911@gm...', 'users.email', Array)
#6 C:\employee-management-system\backend\system\Validation\Validation.php(336): CodeIgniter\Validation\StrictRules\Rules->is_unique('bsumith20911@gm...', 'users.email', Array, NULL, 'email')
#7 C:\employee-management-system\backend\system\Validation\Validation.php(201): CodeIgniter\Validation\Validation->processRules('email', 'email', 'bsumith20911@gm...', Array, Array, 'email')
#8 C:\employee-management-system\backend\system\Controller.php(138): CodeIgniter\Validation\Validation->run()
#9 C:\employee-management-system\backend\app\Controllers\Auth.php(26): CodeIgniter\Controller->validate(Array)
#10 C:\employee-management-system\backend\system\CodeIgniter.php(933): App\Controllers\Auth->signup()
#11 C:\employee-management-system\backend\system\CodeIgniter.php(507): CodeIgniter\CodeIgniter->runController(Object(App\Controllers\Auth))
#12 C:\employee-management-system\backend\system\CodeIgniter.php(354): CodeIgniter\CodeIgniter->handleRequest(NULL, Object(Config\Cache), false)
#13 C:\employee-management-system\backend\system\Boot.php(334): CodeIgniter\CodeIgniter->run()
#14 C:\employee-management-system\backend\system\Boot.php(67): CodeIgniter\Boot::runCodeIgniter(Object(CodeIgniter\CodeIgniter))
#15 C:\employee-management-system\backend\public\index.php(59): CodeIgniter\Boot::bootWeb(Object(Config\Paths))
#16 C:\employee-management-system\backend\system\rewrite.php(44): require_once('C:\\employee-man...')
#17 {main}

Next CodeIgniter\Database\Exceptions\DatabaseException: No connection could be made because the target machine actively refused it in C:\employee-management-system\backend\system\Database\MySQLi\Connection.php:246
Stack trace:
#0 C:\employee-management-system\backend\system\Database\BaseConnection.php(421): CodeIgniter\Database\MySQLi\Connection->connect(false)
#1 C:\employee-management-system\backend\system\Database\BaseConnection.php(620): CodeIgniter\Database\BaseConnection->initialize()
#2 C:\employee-management-system\backend\system\Database\BaseBuilder.php(1649): CodeIgniter\Database\BaseConnection->query('SELECT 1\nFROM `...', Array, false)
#3 C:\employee-management-system\backend\system\Validation\Rules.php(175): CodeIgniter\Database\BaseBuilder->get()
#4 C:\employee-management-system\backend\system\Validation\StrictRules\Rules.php(187): CodeIgniter\Validation\Rules->is_unique('bsumith20911@gm...', 'users.email', Array)
#5 C:\employee-management-system\backend\system\Validation\Validation.php(336): CodeIgniter\Validation\StrictRules\Rules->is_unique('bsumith20911@gm...', 'users.email', Array, NULL, 'email')
#6 C:\employee-management-system\backend\system\Validation\Validation.php(201): CodeIgniter\Validation\Validation->processRules('email', 'email', 'bsumith20911@gm...', Array, Array, 'email')
#7 C:\employee-management-system\backend\system\Controller.php(138): CodeIgniter\Validation\Validation->run()
#8 C:\employee-management-system\backend\app\Controllers\Auth.php(26): CodeIgniter\Controller->validate(Array)
#9 C:\employee-management-system\backend\system\CodeIgniter.php(933): App\Controllers\Auth->signup()
#10 C:\employee-management-system\backend\system\CodeIgniter.php(507): CodeIgniter\CodeIgniter->runController(Object(App\Controllers\Auth))
#11 C:\employee-management-system\backend\system\CodeIgniter.php(354): CodeIgniter\CodeIgniter->handleRequest(NULL, Object(Config\Cache), false)
#12 C:\employee-management-system\backend\system\Boot.php(334): CodeIgniter\CodeIgniter->run()
#13 C:\employee-management-system\backend\system\Boot.php(67): CodeIgniter\Boot::runCodeIgniter(Object(CodeIgniter\CodeIgniter))
#14 C:\employee-management-system\backend\public\index.php(59): CodeIgniter\Boot::bootWeb(Object(Config\Paths))
#15 C:\employee-management-system\backend\system\rewrite.php(44): require_once('C:\\employee-man...')
#16 {main}
CRITICAL - 2025-07-14 17:56:15 --> CodeIgniter\Database\Exceptions\DatabaseException: Unable to connect to the database.
Main connection [MySQLi]: No connection could be made because the target machine actively refused it
[Method: POST, Route: auth/signup]
in SYSTEMPATH\Database\BaseConnection.php on line 467.
 1 SYSTEMPATH\Database\BaseConnection.php(620): CodeIgniter\Database\BaseConnection->initialize()
 2 SYSTEMPATH\Database\BaseBuilder.php(1649): CodeIgniter\Database\BaseConnection->query('SELECT 1
FROM `users`
WHERE `email` = :email:
 LIMIT 1', [...], false)
 3 SYSTEMPATH\Validation\Rules.php(175): CodeIgniter\Database\BaseBuilder->get()
 4 SYSTEMPATH\Validation\StrictRules\Rules.php(187): CodeIgniter\Validation\Rules->is_unique('bsumith20911@gmail.com', 'users.email', [...])
 5 SYSTEMPATH\Validation\Validation.php(336): CodeIgniter\Validation\StrictRules\Rules->is_unique('bsumith20911@gmail.com', 'users.email', [...], null, 'email')
 6 SYSTEMPATH\Validation\Validation.php(201): CodeIgniter\Validation\Validation->processRules('email', 'email', 'bsumith20911@gmail.com', [...], [...], 'email')
 7 SYSTEMPATH\Controller.php(138): CodeIgniter\Validation\Validation->run()
 8 APPPATH\Controllers\Auth.php(26): CodeIgniter\Controller->validate([...])
 9 SYSTEMPATH\CodeIgniter.php(933): App\Controllers\Auth->signup()
10 SYSTEMPATH\CodeIgniter.php(507): CodeIgniter\CodeIgniter->runController(Object(App\Controllers\Auth))
11 SYSTEMPATH\CodeIgniter.php(354): CodeIgniter\CodeIgniter->handleRequest(null, Object(Config\Cache), false)
12 SYSTEMPATH\Boot.php(334): CodeIgniter\CodeIgniter->run()
13 SYSTEMPATH\Boot.php(67): CodeIgniter\Boot::runCodeIgniter(Object(CodeIgniter\CodeIgniter))
14 FCPATH\index.php(59): CodeIgniter\Boot::bootWeb(Object(Config\Paths))
15 SYSTEMPATH\rewrite.php(44): require_once('C:\\employee-management-system\\backend\\public\\index.php')
