CRITICAL - 2025-07-13 14:21:20 --> Error: Class "Locale" not found
[Method: GET, Route: /]
in SYSTEMPATH\CodeIgniter.php on line 189.
 1 SYSTEMPATH\Boot.php(321): CodeIgniter\CodeIgniter->initialize()
 2 SYSTEMPATH\Boot.php(101): CodeIgniter\Boot::initializeCodeIgniter()
 3 ROOTPATH\spark(87): CodeIgniter\Boot::bootSpark(Object(Config\Paths))
CRITICAL - 2025-07-13 14:21:20 --> ErrorException: Uncaught Error: Class "Locale" not found in E:\employee-management-codeIgniter-react-\backend\system\I18n\TimeTrait.php:76
Stack trace:
#0 E:\employee-management-codeIgniter-react-\backend\system\I18n\TimeTrait.php(117): CodeIgniter\I18n\Time->__construct(NULL, NULL, NULL)
#1 E:\employee-management-codeIgniter-react-\backend\system\HTTP\ResponseTrait.php(398): CodeIgniter\I18n\Time::now()
#2 E:\employee-management-codeIgniter-react-\backend\system\HTTP\ResponseTrait.php(376): CodeIgniter\HTTP\Response->sendHeaders()
#3 E:\employee-management-codeIgniter-react-\backend\system\Debug\ExceptionHandler.php(85): CodeIgniter\HTTP\Response->send()
#4 E:\employee-management-codeIgniter-react-\backend\system\Debug\Exceptions.php(162): CodeIgniter\Debug\ExceptionHandler->handle(Object(Error), Object(CodeIgniter\HTTP\IncomingRequest), Object(CodeIgniter\HTTP\Response), 500, 1)
#5 [internal function]: CodeIgniter\Debug\Exceptions->exceptionHandler(Object(Error))
#6 {main}
  thrown
【Previous Exception】
Error
Class "Locale" not found
#0 E:\employee-management-codeIgniter-react-\backend\system\Boot.php(321): CodeIgniter\CodeIgniter->initialize()
#1 E:\employee-management-codeIgniter-react-\backend\system\Boot.php(101): CodeIgniter\Boot::initializeCodeIgniter()
#2 E:\employee-management-codeIgniter-react-\backend\spark(87): CodeIgniter\Boot::bootSpark(Object(Config\Paths))
#3 {main}
[Method: GET, Route: /]
in SYSTEMPATH\I18n\TimeTrait.php on line 76.
 1 [internal function]: CodeIgniter\Debug\Exceptions->shutdownHandler()
CRITICAL - 2025-07-13 14:23:56 --> Error: Class "Locale" not found
[Method: GET, Route: /]
in SYSTEMPATH\CodeIgniter.php on line 189.
 1 SYSTEMPATH\Boot.php(321): CodeIgniter\CodeIgniter->initialize()
 2 SYSTEMPATH\Boot.php(101): CodeIgniter\Boot::initializeCodeIgniter()
 3 ROOTPATH\spark(87): CodeIgniter\Boot::bootSpark(Object(Config\Paths))
CRITICAL - 2025-07-13 14:23:57 --> ErrorException: Uncaught Error: Class "Locale" not found in E:\employee-management-codeIgniter-react-\backend\system\I18n\TimeTrait.php:76
Stack trace:
#0 E:\employee-management-codeIgniter-react-\backend\system\I18n\TimeTrait.php(117): CodeIgniter\I18n\Time->__construct(NULL, NULL, NULL)
#1 E:\employee-management-codeIgniter-react-\backend\system\HTTP\ResponseTrait.php(398): CodeIgniter\I18n\Time::now()
#2 E:\employee-management-codeIgniter-react-\backend\system\HTTP\ResponseTrait.php(376): CodeIgniter\HTTP\Response->sendHeaders()
#3 E:\employee-management-codeIgniter-react-\backend\system\Debug\ExceptionHandler.php(85): CodeIgniter\HTTP\Response->send()
#4 E:\employee-management-codeIgniter-react-\backend\system\Debug\Exceptions.php(162): CodeIgniter\Debug\ExceptionHandler->handle(Object(Error), Object(CodeIgniter\HTTP\IncomingRequest), Object(CodeIgniter\HTTP\Response), 500, 1)
#5 [internal function]: CodeIgniter\Debug\Exceptions->exceptionHandler(Object(Error))
#6 {main}
  thrown
【Previous Exception】
Error
Class "Locale" not found
#0 E:\employee-management-codeIgniter-react-\backend\system\Boot.php(321): CodeIgniter\CodeIgniter->initialize()
#1 E:\employee-management-codeIgniter-react-\backend\system\Boot.php(101): CodeIgniter\Boot::initializeCodeIgniter()
#2 E:\employee-management-codeIgniter-react-\backend\spark(87): CodeIgniter\Boot::bootSpark(Object(Config\Paths))
#3 {main}
[Method: GET, Route: /]
in SYSTEMPATH\I18n\TimeTrait.php on line 76.
 1 [internal function]: CodeIgniter\Debug\Exceptions->shutdownHandler()
CRITICAL - 2025-07-13 14:25:07 --> Error: Class "Locale" not found
[Method: GET, Route: /]
in SYSTEMPATH\CodeIgniter.php on line 189.
 1 SYSTEMPATH\Boot.php(321): CodeIgniter\CodeIgniter->initialize()
 2 SYSTEMPATH\Boot.php(101): CodeIgniter\Boot::initializeCodeIgniter()
 3 ROOTPATH\spark(87): CodeIgniter\Boot::bootSpark(Object(Config\Paths))
CRITICAL - 2025-07-13 14:25:07 --> ErrorException: Uncaught Error: Class "Locale" not found in E:\employee-management-codeIgniter-react-\backend\system\I18n\TimeTrait.php:76
Stack trace:
#0 E:\employee-management-codeIgniter-react-\backend\system\I18n\TimeTrait.php(117): CodeIgniter\I18n\Time->__construct(NULL, NULL, NULL)
#1 E:\employee-management-codeIgniter-react-\backend\system\HTTP\ResponseTrait.php(398): CodeIgniter\I18n\Time::now()
#2 E:\employee-management-codeIgniter-react-\backend\system\HTTP\ResponseTrait.php(376): CodeIgniter\HTTP\Response->sendHeaders()
#3 E:\employee-management-codeIgniter-react-\backend\system\Debug\ExceptionHandler.php(85): CodeIgniter\HTTP\Response->send()
#4 E:\employee-management-codeIgniter-react-\backend\system\Debug\Exceptions.php(162): CodeIgniter\Debug\ExceptionHandler->handle(Object(Error), Object(CodeIgniter\HTTP\IncomingRequest), Object(CodeIgniter\HTTP\Response), 500, 1)
#5 [internal function]: CodeIgniter\Debug\Exceptions->exceptionHandler(Object(Error))
#6 {main}
  thrown
【Previous Exception】
Error
Class "Locale" not found
#0 E:\employee-management-codeIgniter-react-\backend\system\Boot.php(321): CodeIgniter\CodeIgniter->initialize()
#1 E:\employee-management-codeIgniter-react-\backend\system\Boot.php(101): CodeIgniter\Boot::initializeCodeIgniter()
#2 E:\employee-management-codeIgniter-react-\backend\spark(87): CodeIgniter\Boot::bootSpark(Object(Config\Paths))
#3 {main}
[Method: GET, Route: /]
in SYSTEMPATH\I18n\TimeTrait.php on line 76.
 1 [internal function]: CodeIgniter\Debug\Exceptions->shutdownHandler()
CRITICAL - 2025-07-13 14:25:44 --> Error: Class "Locale" not found
[Method: GET, Route: /]
in SYSTEMPATH\CodeIgniter.php on line 189.
 1 SYSTEMPATH\Boot.php(321): CodeIgniter\CodeIgniter->initialize()
 2 SYSTEMPATH\Boot.php(101): CodeIgniter\Boot::initializeCodeIgniter()
 3 ROOTPATH\spark(87): CodeIgniter\Boot::bootSpark(Object(Config\Paths))
CRITICAL - 2025-07-13 14:25:44 --> ErrorException: Uncaught Error: Class "Locale" not found in E:\employee-management-codeIgniter-react-\backend\system\I18n\TimeTrait.php:76
Stack trace:
#0 E:\employee-management-codeIgniter-react-\backend\system\I18n\TimeTrait.php(117): CodeIgniter\I18n\Time->__construct(NULL, NULL, NULL)
#1 E:\employee-management-codeIgniter-react-\backend\system\HTTP\ResponseTrait.php(398): CodeIgniter\I18n\Time::now()
#2 E:\employee-management-codeIgniter-react-\backend\system\HTTP\ResponseTrait.php(376): CodeIgniter\HTTP\Response->sendHeaders()
#3 E:\employee-management-codeIgniter-react-\backend\system\Debug\ExceptionHandler.php(85): CodeIgniter\HTTP\Response->send()
#4 E:\employee-management-codeIgniter-react-\backend\system\Debug\Exceptions.php(162): CodeIgniter\Debug\ExceptionHandler->handle(Object(Error), Object(CodeIgniter\HTTP\IncomingRequest), Object(CodeIgniter\HTTP\Response), 500, 1)
#5 [internal function]: CodeIgniter\Debug\Exceptions->exceptionHandler(Object(Error))
#6 {main}
  thrown
【Previous Exception】
Error
Class "Locale" not found
#0 E:\employee-management-codeIgniter-react-\backend\system\Boot.php(321): CodeIgniter\CodeIgniter->initialize()
#1 E:\employee-management-codeIgniter-react-\backend\system\Boot.php(101): CodeIgniter\Boot::initializeCodeIgniter()
#2 E:\employee-management-codeIgniter-react-\backend\spark(87): CodeIgniter\Boot::bootSpark(Object(Config\Paths))
#3 {main}
[Method: GET, Route: /]
in SYSTEMPATH\I18n\TimeTrait.php on line 76.
 1 [internal function]: CodeIgniter\Debug\Exceptions->shutdownHandler()
CRITICAL - 2025-07-13 14:29:06 --> Error: Class "Locale" not found
[Method: GET, Route: /]
in SYSTEMPATH\CodeIgniter.php on line 189.
 1 SYSTEMPATH\Boot.php(321): CodeIgniter\CodeIgniter->initialize()
 2 SYSTEMPATH\Boot.php(101): CodeIgniter\Boot::initializeCodeIgniter()
 3 ROOTPATH\spark(87): CodeIgniter\Boot::bootSpark(Object(Config\Paths))
CRITICAL - 2025-07-13 14:29:06 --> ErrorException: Uncaught Error: Class "Locale" not found in E:\employee-management-codeIgniter-react-\backend\system\I18n\TimeTrait.php:76
Stack trace:
#0 E:\employee-management-codeIgniter-react-\backend\system\I18n\TimeTrait.php(117): CodeIgniter\I18n\Time->__construct(NULL, NULL, NULL)
#1 E:\employee-management-codeIgniter-react-\backend\system\HTTP\ResponseTrait.php(398): CodeIgniter\I18n\Time::now()
#2 E:\employee-management-codeIgniter-react-\backend\system\HTTP\ResponseTrait.php(376): CodeIgniter\HTTP\Response->sendHeaders()
#3 E:\employee-management-codeIgniter-react-\backend\system\Debug\ExceptionHandler.php(85): CodeIgniter\HTTP\Response->send()
#4 E:\employee-management-codeIgniter-react-\backend\system\Debug\Exceptions.php(162): CodeIgniter\Debug\ExceptionHandler->handle(Object(Error), Object(CodeIgniter\HTTP\IncomingRequest), Object(CodeIgniter\HTTP\Response), 500, 1)
#5 [internal function]: CodeIgniter\Debug\Exceptions->exceptionHandler(Object(Error))
#6 {main}
  thrown
【Previous Exception】
Error
Class "Locale" not found
#0 E:\employee-management-codeIgniter-react-\backend\system\Boot.php(321): CodeIgniter\CodeIgniter->initialize()
#1 E:\employee-management-codeIgniter-react-\backend\system\Boot.php(101): CodeIgniter\Boot::initializeCodeIgniter()
#2 E:\employee-management-codeIgniter-react-\backend\spark(87): CodeIgniter\Boot::bootSpark(Object(Config\Paths))
#3 {main}
[Method: GET, Route: /]
in SYSTEMPATH\I18n\TimeTrait.php on line 76.
 1 [internal function]: CodeIgniter\Debug\Exceptions->shutdownHandler()
CRITICAL - 2025-07-13 15:52:57 --> Error: Class "Locale" not found
[Method: GET, Route: /]
in SYSTEMPATH\CodeIgniter.php on line 189.
 1 SYSTEMPATH\Boot.php(321): CodeIgniter\CodeIgniter->initialize()
 2 SYSTEMPATH\Boot.php(101): CodeIgniter\Boot::initializeCodeIgniter()
 3 ROOTPATH\spark(87): CodeIgniter\Boot::bootSpark(Object(Config\Paths))
CRITICAL - 2025-07-13 15:52:57 --> ErrorException: Uncaught Error: Class "Locale" not found in E:\employee-management-codeIgniter-react-\backend\system\I18n\TimeTrait.php:76
Stack trace:
#0 E:\employee-management-codeIgniter-react-\backend\system\I18n\TimeTrait.php(117): CodeIgniter\I18n\Time->__construct(NULL, NULL, NULL)
#1 E:\employee-management-codeIgniter-react-\backend\system\HTTP\ResponseTrait.php(398): CodeIgniter\I18n\Time::now()
#2 E:\employee-management-codeIgniter-react-\backend\system\HTTP\ResponseTrait.php(376): CodeIgniter\HTTP\Response->sendHeaders()
#3 E:\employee-management-codeIgniter-react-\backend\system\Debug\ExceptionHandler.php(85): CodeIgniter\HTTP\Response->send()
#4 E:\employee-management-codeIgniter-react-\backend\system\Debug\Exceptions.php(162): CodeIgniter\Debug\ExceptionHandler->handle(Object(Error), Object(CodeIgniter\HTTP\IncomingRequest), Object(CodeIgniter\HTTP\Response), 500, 1)
#5 [internal function]: CodeIgniter\Debug\Exceptions->exceptionHandler(Object(Error))
#6 {main}
  thrown
【Previous Exception】
Error
Class "Locale" not found
#0 E:\employee-management-codeIgniter-react-\backend\system\Boot.php(321): CodeIgniter\CodeIgniter->initialize()
#1 E:\employee-management-codeIgniter-react-\backend\system\Boot.php(101): CodeIgniter\Boot::initializeCodeIgniter()
#2 E:\employee-management-codeIgniter-react-\backend\spark(87): CodeIgniter\Boot::bootSpark(Object(Config\Paths))
#3 {main}
[Method: GET, Route: /]
in SYSTEMPATH\I18n\TimeTrait.php on line 76.
 1 [internal function]: CodeIgniter\Debug\Exceptions->shutdownHandler()
CRITICAL - 2025-07-13 17:53:25 --> Error: Class "Locale" not found
[Method: GET, Route: /]
in SYSTEMPATH\CodeIgniter.php on line 189.
 1 SYSTEMPATH\Boot.php(321): CodeIgniter\CodeIgniter->initialize()
 2 SYSTEMPATH\Boot.php(101): CodeIgniter\Boot::initializeCodeIgniter()
 3 ROOTPATH\spark(87): CodeIgniter\Boot::bootSpark(Object(Config\Paths))
CRITICAL - 2025-07-13 17:53:25 --> ErrorException: Uncaught Error: Class "Locale" not found in E:\employee-management-codeIgniter-react-\backend\system\I18n\TimeTrait.php:76
Stack trace:
#0 E:\employee-management-codeIgniter-react-\backend\system\I18n\TimeTrait.php(117): CodeIgniter\I18n\Time->__construct(NULL, NULL, NULL)
#1 E:\employee-management-codeIgniter-react-\backend\system\HTTP\ResponseTrait.php(398): CodeIgniter\I18n\Time::now()
#2 E:\employee-management-codeIgniter-react-\backend\system\HTTP\ResponseTrait.php(376): CodeIgniter\HTTP\Response->sendHeaders()
#3 E:\employee-management-codeIgniter-react-\backend\system\Debug\ExceptionHandler.php(85): CodeIgniter\HTTP\Response->send()
#4 E:\employee-management-codeIgniter-react-\backend\system\Debug\Exceptions.php(162): CodeIgniter\Debug\ExceptionHandler->handle(Object(Error), Object(CodeIgniter\HTTP\IncomingRequest), Object(CodeIgniter\HTTP\Response), 500, 1)
#5 [internal function]: CodeIgniter\Debug\Exceptions->exceptionHandler(Object(Error))
#6 {main}
  thrown
【Previous Exception】
Error
Class "Locale" not found
#0 E:\employee-management-codeIgniter-react-\backend\system\Boot.php(321): CodeIgniter\CodeIgniter->initialize()
#1 E:\employee-management-codeIgniter-react-\backend\system\Boot.php(101): CodeIgniter\Boot::initializeCodeIgniter()
#2 E:\employee-management-codeIgniter-react-\backend\spark(87): CodeIgniter\Boot::bootSpark(Object(Config\Paths))
#3 {main}
[Method: GET, Route: /]
in SYSTEMPATH\I18n\TimeTrait.php on line 76.
 1 [internal function]: CodeIgniter\Debug\Exceptions->shutdownHandler()
CRITICAL - 2025-07-13 17:54:22 --> Error: Class "Locale" not found
[Method: GET, Route: /]
in SYSTEMPATH\CodeIgniter.php on line 189.
 1 SYSTEMPATH\Boot.php(321): CodeIgniter\CodeIgniter->initialize()
 2 SYSTEMPATH\Boot.php(101): CodeIgniter\Boot::initializeCodeIgniter()
 3 ROOTPATH\spark(87): CodeIgniter\Boot::bootSpark(Object(Config\Paths))
CRITICAL - 2025-07-13 17:54:22 --> ErrorException: Uncaught Error: Class "Locale" not found in E:\employee-management-codeIgniter-react-\backend\system\I18n\TimeTrait.php:76
Stack trace:
#0 E:\employee-management-codeIgniter-react-\backend\system\I18n\TimeTrait.php(117): CodeIgniter\I18n\Time->__construct(NULL, NULL, NULL)
#1 E:\employee-management-codeIgniter-react-\backend\system\HTTP\ResponseTrait.php(398): CodeIgniter\I18n\Time::now()
#2 E:\employee-management-codeIgniter-react-\backend\system\HTTP\ResponseTrait.php(376): CodeIgniter\HTTP\Response->sendHeaders()
#3 E:\employee-management-codeIgniter-react-\backend\system\Debug\ExceptionHandler.php(85): CodeIgniter\HTTP\Response->send()
#4 E:\employee-management-codeIgniter-react-\backend\system\Debug\Exceptions.php(162): CodeIgniter\Debug\ExceptionHandler->handle(Object(Error), Object(CodeIgniter\HTTP\IncomingRequest), Object(CodeIgniter\HTTP\Response), 500, 1)
#5 [internal function]: CodeIgniter\Debug\Exceptions->exceptionHandler(Object(Error))
#6 {main}
  thrown
【Previous Exception】
Error
Class "Locale" not found
#0 E:\employee-management-codeIgniter-react-\backend\system\Boot.php(321): CodeIgniter\CodeIgniter->initialize()
#1 E:\employee-management-codeIgniter-react-\backend\system\Boot.php(101): CodeIgniter\Boot::initializeCodeIgniter()
#2 E:\employee-management-codeIgniter-react-\backend\spark(87): CodeIgniter\Boot::bootSpark(Object(Config\Paths))
#3 {main}
[Method: GET, Route: /]
in SYSTEMPATH\I18n\TimeTrait.php on line 76.
 1 [internal function]: CodeIgniter\Debug\Exceptions->shutdownHandler()
CRITICAL - 2025-07-13 17:56:06 --> Error: Class "Locale" not found
[Method: GET, Route: /]
in SYSTEMPATH\CodeIgniter.php on line 189.
 1 SYSTEMPATH\Boot.php(321): CodeIgniter\CodeIgniter->initialize()
 2 SYSTEMPATH\Boot.php(101): CodeIgniter\Boot::initializeCodeIgniter()
 3 ROOTPATH\spark(87): CodeIgniter\Boot::bootSpark(Object(Config\Paths))
CRITICAL - 2025-07-13 17:56:07 --> ErrorException: Uncaught Error: Class "Locale" not found in E:\employee-management-codeIgniter-react-\backend\system\I18n\TimeTrait.php:76
Stack trace:
#0 E:\employee-management-codeIgniter-react-\backend\system\I18n\TimeTrait.php(117): CodeIgniter\I18n\Time->__construct(NULL, NULL, NULL)
#1 E:\employee-management-codeIgniter-react-\backend\system\HTTP\ResponseTrait.php(398): CodeIgniter\I18n\Time::now()
#2 E:\employee-management-codeIgniter-react-\backend\system\HTTP\ResponseTrait.php(376): CodeIgniter\HTTP\Response->sendHeaders()
#3 E:\employee-management-codeIgniter-react-\backend\system\Debug\ExceptionHandler.php(85): CodeIgniter\HTTP\Response->send()
#4 E:\employee-management-codeIgniter-react-\backend\system\Debug\Exceptions.php(162): CodeIgniter\Debug\ExceptionHandler->handle(Object(Error), Object(CodeIgniter\HTTP\IncomingRequest), Object(CodeIgniter\HTTP\Response), 500, 1)
#5 [internal function]: CodeIgniter\Debug\Exceptions->exceptionHandler(Object(Error))
#6 {main}
  thrown
【Previous Exception】
Error
Class "Locale" not found
#0 E:\employee-management-codeIgniter-react-\backend\system\Boot.php(321): CodeIgniter\CodeIgniter->initialize()
#1 E:\employee-management-codeIgniter-react-\backend\system\Boot.php(101): CodeIgniter\Boot::initializeCodeIgniter()
#2 E:\employee-management-codeIgniter-react-\backend\spark(87): CodeIgniter\Boot::bootSpark(Object(Config\Paths))
#3 {main}
[Method: GET, Route: /]
in SYSTEMPATH\I18n\TimeTrait.php on line 76.
 1 [internal function]: CodeIgniter\Debug\Exceptions->shutdownHandler()
CRITICAL - 2025-07-13 17:59:05 --> Error: Class "Locale" not found
[Method: GET, Route: /]
in SYSTEMPATH\CodeIgniter.php on line 189.
 1 SYSTEMPATH\Boot.php(321): CodeIgniter\CodeIgniter->initialize()
 2 SYSTEMPATH\Boot.php(101): CodeIgniter\Boot::initializeCodeIgniter()
 3 ROOTPATH\spark(87): CodeIgniter\Boot::bootSpark(Object(Config\Paths))
CRITICAL - 2025-07-13 17:59:05 --> ErrorException: Uncaught Error: Class "Locale" not found in E:\employee-management-codeIgniter-react-\backend\system\I18n\TimeTrait.php:76
Stack trace:
#0 E:\employee-management-codeIgniter-react-\backend\system\I18n\TimeTrait.php(117): CodeIgniter\I18n\Time->__construct(NULL, NULL, NULL)
#1 E:\employee-management-codeIgniter-react-\backend\system\HTTP\ResponseTrait.php(398): CodeIgniter\I18n\Time::now()
#2 E:\employee-management-codeIgniter-react-\backend\system\HTTP\ResponseTrait.php(376): CodeIgniter\HTTP\Response->sendHeaders()
#3 E:\employee-management-codeIgniter-react-\backend\system\Debug\ExceptionHandler.php(85): CodeIgniter\HTTP\Response->send()
#4 E:\employee-management-codeIgniter-react-\backend\system\Debug\Exceptions.php(162): CodeIgniter\Debug\ExceptionHandler->handle(Object(Error), Object(CodeIgniter\HTTP\IncomingRequest), Object(CodeIgniter\HTTP\Response), 500, 1)
#5 [internal function]: CodeIgniter\Debug\Exceptions->exceptionHandler(Object(Error))
#6 {main}
  thrown
【Previous Exception】
Error
Class "Locale" not found
#0 E:\employee-management-codeIgniter-react-\backend\system\Boot.php(321): CodeIgniter\CodeIgniter->initialize()
#1 E:\employee-management-codeIgniter-react-\backend\system\Boot.php(101): CodeIgniter\Boot::initializeCodeIgniter()
#2 E:\employee-management-codeIgniter-react-\backend\spark(87): CodeIgniter\Boot::bootSpark(Object(Config\Paths))
#3 {main}
[Method: GET, Route: /]
in SYSTEMPATH\I18n\TimeTrait.php on line 76.
 1 [internal function]: CodeIgniter\Debug\Exceptions->shutdownHandler()
CRITICAL - 2025-07-13 18:04:52 --> Error: Class "Locale" not found
[Method: GET, Route: /]
in SYSTEMPATH\CodeIgniter.php on line 189.
 1 SYSTEMPATH\Boot.php(321): CodeIgniter\CodeIgniter->initialize()
 2 SYSTEMPATH\Boot.php(101): CodeIgniter\Boot::initializeCodeIgniter()
 3 ROOTPATH\spark(87): CodeIgniter\Boot::bootSpark(Object(Config\Paths))
CRITICAL - 2025-07-13 18:04:52 --> ErrorException: Uncaught Error: Class "Locale" not found in E:\employee-management-codeIgniter-react-\backend\system\I18n\TimeTrait.php:76
Stack trace:
#0 E:\employee-management-codeIgniter-react-\backend\system\I18n\TimeTrait.php(117): CodeIgniter\I18n\Time->__construct(NULL, NULL, NULL)
#1 E:\employee-management-codeIgniter-react-\backend\system\HTTP\ResponseTrait.php(398): CodeIgniter\I18n\Time::now()
#2 E:\employee-management-codeIgniter-react-\backend\system\HTTP\ResponseTrait.php(376): CodeIgniter\HTTP\Response->sendHeaders()
#3 E:\employee-management-codeIgniter-react-\backend\system\Debug\ExceptionHandler.php(85): CodeIgniter\HTTP\Response->send()
#4 E:\employee-management-codeIgniter-react-\backend\system\Debug\Exceptions.php(162): CodeIgniter\Debug\ExceptionHandler->handle(Object(Error), Object(CodeIgniter\HTTP\IncomingRequest), Object(CodeIgniter\HTTP\Response), 500, 1)
#5 [internal function]: CodeIgniter\Debug\Exceptions->exceptionHandler(Object(Error))
#6 {main}
  thrown
【Previous Exception】
Error
Class "Locale" not found
#0 E:\employee-management-codeIgniter-react-\backend\system\Boot.php(321): CodeIgniter\CodeIgniter->initialize()
#1 E:\employee-management-codeIgniter-react-\backend\system\Boot.php(101): CodeIgniter\Boot::initializeCodeIgniter()
#2 E:\employee-management-codeIgniter-react-\backend\spark(87): CodeIgniter\Boot::bootSpark(Object(Config\Paths))
#3 {main}
[Method: GET, Route: /]
in SYSTEMPATH\I18n\TimeTrait.php on line 76.
 1 [internal function]: CodeIgniter\Debug\Exceptions->shutdownHandler()
CRITICAL - 2025-07-13 18:04:57 --> Error: Class "Locale" not found
[Method: GET, Route: /]
in SYSTEMPATH\CodeIgniter.php on line 189.
 1 SYSTEMPATH\Boot.php(321): CodeIgniter\CodeIgniter->initialize()
 2 SYSTEMPATH\Boot.php(101): CodeIgniter\Boot::initializeCodeIgniter()
 3 ROOTPATH\spark(87): CodeIgniter\Boot::bootSpark(Object(Config\Paths))
CRITICAL - 2025-07-13 18:04:57 --> ErrorException: Uncaught Error: Class "Locale" not found in E:\employee-management-codeIgniter-react-\backend\system\I18n\TimeTrait.php:76
Stack trace:
#0 E:\employee-management-codeIgniter-react-\backend\system\I18n\TimeTrait.php(117): CodeIgniter\I18n\Time->__construct(NULL, NULL, NULL)
#1 E:\employee-management-codeIgniter-react-\backend\system\HTTP\ResponseTrait.php(398): CodeIgniter\I18n\Time::now()
#2 E:\employee-management-codeIgniter-react-\backend\system\HTTP\ResponseTrait.php(376): CodeIgniter\HTTP\Response->sendHeaders()
#3 E:\employee-management-codeIgniter-react-\backend\system\Debug\ExceptionHandler.php(85): CodeIgniter\HTTP\Response->send()
#4 E:\employee-management-codeIgniter-react-\backend\system\Debug\Exceptions.php(162): CodeIgniter\Debug\ExceptionHandler->handle(Object(Error), Object(CodeIgniter\HTTP\IncomingRequest), Object(CodeIgniter\HTTP\Response), 500, 1)
#5 [internal function]: CodeIgniter\Debug\Exceptions->exceptionHandler(Object(Error))
#6 {main}
  thrown
【Previous Exception】
Error
Class "Locale" not found
#0 E:\employee-management-codeIgniter-react-\backend\system\Boot.php(321): CodeIgniter\CodeIgniter->initialize()
#1 E:\employee-management-codeIgniter-react-\backend\system\Boot.php(101): CodeIgniter\Boot::initializeCodeIgniter()
#2 E:\employee-management-codeIgniter-react-\backend\spark(87): CodeIgniter\Boot::bootSpark(Object(Config\Paths))
#3 {main}
[Method: GET, Route: /]
in SYSTEMPATH\I18n\TimeTrait.php on line 76.
 1 [internal function]: CodeIgniter\Debug\Exceptions->shutdownHandler()
